{"numTotalTestSuites":629,"numPassedTestSuites":629,"numFailedTestSuites":0,"numPendingTestSuites":0,"numTotalTests":1819,"numPassedTests":1819,"numFailedTests":0,"numPendingTests":0,"numTodoTests":0,"snapshot":{"added":0,"failure":false,"filesAdded":0,"filesRemoved":0,"filesRemovedList":[],"filesUnmatched":0,"filesUpdated":0,"matched":0,"total":0,"unchecked":0,"uncheckedKeysByFile":[],"unmatched":0,"updated":0,"didUpdate":false},"startTime":1782670368671,"success":true,"testResults":[{"assertionResults":[{"ancestorTitles":["ModalFrame (variant=sheet)"],"fullName":"ModalFrame (variant=sheet) affiche un drag handle visible","status":"passed","title":"affiche un drag handle visible","duration":738.7296000000024,"failureMessages":[],"meta":{},"tags":[]},{"ancestorTitles":["ModalFrame (variant=sheet)"],"fullName":"ModalFrame (variant=sheet) se ferme via la touche Escape","status":"passed","title":"se ferme via la touche Escape","duration":71.49599999999919,"failureMessages":[],"meta":{},"tags":[]},{"ancestorTitles":["ModalFrame (variant=sheet)"],"fullName":"ModalFrame (variant=sheet) se ferme via un clic sur le backdrop","status":"passed","title":"se ferme via un clic sur le backdrop","duration":77.1201000000001,"failureMessages":[],"meta":{},"tags":[]},{"ancestorTitles":["ModalFrame (variant=sheet)"],"fullName":"ModalFrame (variant=sheet) ne se ferme PAS en cliquant à l'intérieur du panel","status":"passed","title":"ne se ferme PAS en cliquant à l'intérieur du panel","duration":91.32340000000113,"failureMessages":[],"meta":{},"tags":[]},{"ancestorTitles":["ModalFrame (variant=sheet)"],"fullName":"ModalFrame (variant=sheet) ne réagit pas à Escape quand fermée","status":"passed","title":"ne réagit pas à Escape quand fermée","duration":20.006600000000617,"failureMessages":[],"meta":{},"tags":[]},{"ancestorTitles":["ModalFrame (variant=center)"],"fullName":"ModalFrame (variant=center) se ferme via Escape","status":"passed","title":"se ferme via Escape","duration":74.91700000000128,"failureMessages":[],"meta":{},"tags":[]},{"ancestorTitles":["ModalFrame (variant=center)"],"fullName":"ModalFrame (variant=center) a role=dialog et aria-modal=true","status":"passed","title":"a role=dialog et aria-modal=true","duration":676.442500000001,"failureMessages":[],"meta":{},"tags":[]},{"ancestorTitles":["ConfirmDialog"],"fullName":"ConfirmDialog expose un bouton Annuler","status":"passed","title":"expose un bouton Annuler","duration":103.4393999999993,"failureMessages":[],"meta":{},"tags":[]},{"ancestorTitles":["ConfirmDialog"],"fullName":"ConfirmDialog appelle onCancel via Escape","status":"passed","title":"appelle onCancel via Escape","duration":60.52340000000186,"failureMessages":[],"meta":{},"tags":[]},{"ancestorTitles":["Patterns exit-path dans le code source"],"fullName":"Patterns exit-path dans le code source MobileEventSheet a un bouton close avec aria-label=Fermer","status":"passed","title":"MobileEventSheet a un bouton close avec aria-label=Fermer","duration":44.81550000000061,"failureMessages":[],"meta":{},"tags":[]},{"ancestorTitles":["Patterns exit-path dans le code source"],"fullName":"Patterns exit-path dans le code source PosterStudio a un handler Escape","status":"passed","title":"PosterStudio a un handler Escape","duration":71.23819999999978,"failureMessages":[],"meta":{},"tags":[]},{"ancestorTitles":["Patterns exit-path dans le code source"],"fullName":"Patterns exit-path dans le code source PosterEditor a un bouton Fermer dans le bottom panel","status":"passed","title":"PosterEditor a un bouton Fermer dans le bottom panel","duration":42.22699999999895,"failureMessages":[],"meta":{},"tags":[]},{"ancestorTitles":["Patterns exit-path dans le code source"],"fullName":"Patterns exit-path dans le code source ClubAdminDrawer a un backdrop clickable","status":"passed","title":"ClubAdminDrawer a un backdrop clickable","duration":28.984599999999773,"failureMessages":[],"meta":{},"tags":[]},{"ancestorTitles":["Patterns exit-path dans le code source"],"fullName":"Patterns exit-path dans le code source UserPublicView écoute Escape","status":"passed","title":"UserPublicView écoute Escape","duration":33.07020000000193,"failureMessages":[],"meta":{},"tags":[]}],"startTime":1782670490663,"endTime":1782670492803.0703,"status":"passed","message":"","name":"C:/Users/doria/Desktop/Project/sport-map/src/__tests__/ux-exit-paths.test.jsx"},{"assertionResults":[{"ancestorTitles":["Accessibilité — AuthPage"],"fullName":"Accessibilité — AuthPage formulaire connexion : aucune violation axe","status":"passed","title":"formulaire connexion : aucune violation axe","duration":8505.542099999999,"failureMessages":[],"meta":{},"tags":[]},{"ancestorTitles":["Accessibilité — AuthPage"],"fullName":"Accessibilité — AuthPage champs email et mot de passe ont des labels accessibles","status":"passed","title":"champs email et mot de passe ont des labels accessibles","duration":2045.057200000003,"failureMessages":[],"meta":{},"tags":[]},{"ancestorTitles":["Accessibilité — AuthPage"],"fullName":"Accessibilité — AuthPage boutons ont des noms accessibles","status":"passed","title":"boutons ont des noms accessibles","duration":1357.0564000000013,"failureMessages":[],"meta":{},"tags":[]}],"startTime":1782670404144,"endTime":1782670416053.0564,"status":"passed","message":"","name":"C:/Users/doria/Desktop/Project/sport-map/src/__tests__/accessibility/auth-forms.a11y.test.jsx"},{"assertionResults":[{"ancestorTitles":["Accessibilité — ConvocationsList"],"fullName":"Accessibilité — ConvocationsList aucune violation axe critique sur la liste","status":"passed","title":"aucune violation axe critique sur la liste","duration":3935.2530000000006,"failureMessages":[],"meta":{},"tags":[]},{"ancestorTitles":["Accessibilité — ConvocationsList"],"fullName":"Accessibilité — ConvocationsList boutons de réponse ont un nom accessible","status":"passed","title":"boutons de réponse ont un nom accessible","duration":869.5597999999954,"failureMessages":[],"meta":{},"tags":[]},{"ancestorTitles":["Accessibilité — HelpFab"],"fullName":"Accessibilité — HelpFab bouton \"?\" a un aria-label accessible","status":"passed","title":"bouton \"?\" a un aria-label accessible","duration":379.6426999999967,"failureMessages":[],"meta":{},"tags":[]},{"ancestorTitles":["Accessibilité — OfflineBanner"],"fullName":"Accessibilité — OfflineBanner bannière hors-ligne sans violations axe","status":"passed","title":"bannière hors-ligne sans violations axe","duration":435.0440000000017,"failureMessages":[],"meta":{},"tags":[]},{"ancestorTitles":["Accessibilité — ErrorBoundary"],"fullName":"Accessibilité — ErrorBoundary rendu normal sans erreur — aucune violation","status":"passed","title":"rendu normal sans erreur — aucune violation","duration":123.60960000000341,"failureMessages":[],"meta":{},"tags":[]},{"ancestorTitles":["Accessibilité — AnnouncementsCenter"],"fullName":"Accessibilité — AnnouncementsCenter dialog a le bon rôle et aria-label","status":"passed","title":"dialog a le bon rôle et aria-label","duration":613.8358000000007,"failureMessages":[],"meta":{},"tags":[]},{"ancestorTitles":["Accessibilité — AnnouncementsCenter"],"fullName":"Accessibilité — AnnouncementsCenter bouton retour a un aria-label","status":"passed","title":"bouton retour a un aria-label","duration":75.78089999999793,"failureMessages":[],"meta":{},"tags":[]}],"startTime":1782670445669,"endTime":1782670452106.781,"status":"passed","message":"","name":"C:/Users/doria/Desktop/Project/sport-map/src/__tests__/accessibility/components.a11y.test.jsx"},{"assertionResults":[{"ancestorTitles":["Accessibilité — BottomNav"],"fullName":"Accessibilité — BottomNav nav a le bon rôle et tous les boutons ont un label","status":"passed","title":"nav a le bon rôle et tous les boutons ont un label","duration":5600.996999999996,"failureMessages":[],"meta":{},"tags":[]},{"ancestorTitles":["Accessibilité — BottomNav"],"fullName":"Accessibilité — BottomNav badge numérique a un aria-label accessible","status":"passed","title":"badge numérique a un aria-label accessible","duration":2726.6145000000033,"failureMessages":[],"meta":{},"tags":[]},{"ancestorTitles":["Accessibilité — ConfirmDialog"],"fullName":"Accessibilité — ConfirmDialog dialog a role, aria-modal et aria-label","status":"passed","title":"dialog a role, aria-modal et aria-label","duration":1229.637999999999,"failureMessages":[],"meta":{},"tags":[]},{"ancestorTitles":["Accessibilité — ConfirmDialog"],"fullName":"Accessibilité — ConfirmDialog boutons Confirmer et Annuler ont des noms accessibles","status":"passed","title":"boutons Confirmer et Annuler ont des noms accessibles","duration":700.7287999999971,"failureMessages":[],"meta":{},"tags":[]},{"ancestorTitles":["Accessibilité — ClubCreationWizard"],"fullName":"Accessibilité — ClubCreationWizard étape 1 : aucune violation axe","status":"passed","title":"étape 1 : aucune violation axe","duration":2913.7053000000014,"failureMessages":[],"meta":{},"tags":[]},{"ancestorTitles":["Accessibilité — ClubCreationWizard"],"fullName":"Accessibilité — ClubCreationWizard tous les inputs de l'étape 1 ont un label","status":"passed","title":"tous les inputs de l'étape 1 ont un label","duration":1663.178899999999,"failureMessages":[],"meta":{},"tags":[]}],"startTime":1782670404661,"endTime":1782670419499.179,"status":"passed","message":"","name":"C:/Users/doria/Desktop/Project/sport-map/src/__tests__/accessibility/forms.a11y.test.jsx"},{"assertionResults":[{"ancestorTitles":["subscriptionFeatures.ts — cohérence statique"],"fullName":"subscriptionFeatures.ts — cohérence statique PLAN_ORDER contient exactement les 4 plans","status":"passed","title":"PLAN_ORDER contient exactement les 4 plans","duration":52.80649999999878,"failureMessages":[],"meta":{},"tags":[]},{"ancestorTitles":["subscriptionFeatures.ts — cohérence statique"],"fullName":"subscriptionFeatures.ts — cohérence statique PLAN_RANK est monotone strictement croissant","status":"passed","title":"PLAN_RANK est monotone strictement croissant","duration":5.882499999999709,"failureMessages":[],"meta":{},"tags":[]},{"ancestorTitles":["subscriptionFeatures.ts — cohérence statique"],"fullName":"subscriptionFeatures.ts — cohérence statique Toutes les FeatureKeys ont un plan minimum valide","status":"passed","title":"Toutes les FeatureKeys ont un plan minimum valide","duration":83.2507000000005,"failureMessages":[],"meta":{},"tags":[]},{"ancestorTitles":["subscriptionFeatures.ts — cohérence statique"],"fullName":"subscriptionFeatures.ts — cohérence statique PLAN_QUOTAS existe pour chaque plan","status":"passed","title":"PLAN_QUOTAS existe pour chaque plan","duration":9.857800000001589,"failureMessages":[],"meta":{},"tags":[]},{"ancestorTitles":["subscriptionFeatures.ts — cohérence statique"],"fullName":"subscriptionFeatures.ts — cohérence statique postersPerMonth est null (illimité) pour starter, pro, elite","status":"passed","title":"postersPerMonth est null (illimité) pour starter, pro, elite","duration":8.037799999998242,"failureMessages":[],"meta":{},"tags":[]},{"ancestorTitles":["subscriptionFeatures.ts — cohérence statique"],"fullName":"subscriptionFeatures.ts — cohérence statique postersPerMonth est limité pour free","status":"passed","title":"postersPerMonth est limité pour free","duration":9.061400000002322,"failureMessages":[],"meta":{},"tags":[]},{"ancestorTitles":["planHelpers.ts — canUseFeature()"],"fullName":"planHelpers.ts — canUseFeature() Admin bypass toujours true","status":"passed","title":"Admin bypass toujours true","duration":7.927999999999884,"failureMessages":[],"meta":{},"tags":[]},{"ancestorTitles":["planHelpers.ts — canUseFeature()"],"fullName":"planHelpers.ts — canUseFeature() Feature free : accessible à tous les plans","status":"passed","title":"Feature free : accessible à tous les plans","duration":5.137500000000728,"failureMessages":[],"meta":{},"tags":[]},{"ancestorTitles":["planHelpers.ts — canUseFeature()"],"fullName":"planHelpers.ts — canUseFeature() Feature elite : inaccessible aux plans inférieurs","status":"passed","title":"Feature elite : inaccessible aux plans inférieurs","duration":13.555900000003021,"failureMessages":[],"meta":{},"tags":[]},{"ancestorTitles":["planHelpers.ts — canUseFeature()"],"fullName":"planHelpers.ts — canUseFeature() Feature starter : inaccessible au plan free, accessible aux supérieurs","status":"passed","title":"Feature starter : inaccessible au plan free, accessible aux supérieurs","duration":4.981500000001688,"failureMessages":[],"meta":{},"tags":[]},{"ancestorTitles":["planHelpers.ts — canUseFeature()"],"fullName":"planHelpers.ts — canUseFeature() Feature pro : inaccessible à free et starter","status":"passed","title":"Feature pro : inaccessible à free et starter","duration":7.2357000000010885,"failureMessages":[],"meta":{},"tags":[]},{"ancestorTitles":["planHelpers.ts — canUseFeature()"],"fullName":"planHelpers.ts — canUseFeature() FeatureKey inconnue → false","status":"passed","title":"FeatureKey inconnue → false","duration":1.2982000000010885,"failureMessages":[],"meta":{},"tags":[]},{"ancestorTitles":["planHelpers.ts — resolveEffectivePlan()"],"fullName":"planHelpers.ts — resolveEffectivePlan() Status inactive → free","status":"passed","title":"Status inactive → free","duration":4.34400000000096,"failureMessages":[],"meta":{},"tags":[]},{"ancestorTitles":["planHelpers.ts — resolveEffectivePlan()"],"fullName":"planHelpers.ts — resolveEffectivePlan() Status active → plan tel quel","status":"passed","title":"Status active → plan tel quel","duration":0.8269000000000233,"failureMessages":[],"meta":{},"tags":[]},{"ancestorTitles":["planHelpers.ts — resolveEffectivePlan()"],"fullName":"planHelpers.ts — resolveEffectivePlan() Plan invalide + active → free","status":"passed","title":"Plan invalide + active → free","duration":2.431700000001001,"failureMessages":[],"meta":{},"tags":[]},{"ancestorTitles":["Cohérence tarifaire métier"],"fullName":"Cohérence tarifaire métier Watermark suppression = Starter minimum (pas Free)","status":"passed","title":"Watermark suppression = Starter minimum (pas Free)","duration":4.421299999998155,"failureMessages":[],"meta":{},"tags":[]},{"ancestorTitles":["Cohérence tarifaire métier"],"fullName":"Cohérence tarifaire métier Covoiturage toutes équipes = Pro minimum","status":"passed","title":"Covoiturage toutes équipes = Pro minimum","duration":5.119300000002113,"failureMessages":[],"meta":{},"tags":[]},{"ancestorTitles":["Cohérence tarifaire métier"],"fullName":"Cohérence tarifaire métier IA backgrounds = Elite uniquement","status":"passed","title":"IA backgrounds = Elite uniquement","duration":7.850900000001275,"failureMessages":[],"meta":{},"tags":[]},{"ancestorTitles":["Cohérence tarifaire métier"],"fullName":"Cohérence tarifaire métier Featured events : Pro a un quota < Elite","status":"passed","title":"Featured events : Pro a un quota < Elite","duration":4.980299999999261,"failureMessages":[],"meta":{},"tags":[]},{"ancestorTitles":["Cohérence tarifaire métier"],"fullName":"Cohérence tarifaire métier Free ne peut rien featured","status":"passed","title":"Free ne peut rien featured","duration":4.263800000000629,"failureMessages":[],"meta":{},"tags":[]},{"ancestorTitles":["Cohérence tarifaire métier"],"fullName":"Cohérence tarifaire métier Elite IA illimité","status":"passed","title":"Elite IA illimité","duration":4.185400000002119,"failureMessages":[],"meta":{},"tags":[]},{"ancestorTitles":["Cohérence tarifaire métier"],"fullName":"Cohérence tarifaire métier Free IA bloqué","status":"passed","title":"Free IA bloqué","duration":4.57839999999851,"failureMessages":[],"meta":{},"tags":[]}],"startTime":1782670634511,"endTime":1782670634787.5784,"status":"passed","message":"","name":"C:/Users/doria/Desktop/Project/sport-map/src/__tests__/coherence/planConfig.coherence.test.js"},{"assertionResults":[{"ancestorTitles":["AdminPage — onglet Clubs"],"fullName":"AdminPage — onglet Clubs affiche onglet Clubs dans la navigation","status":"passed","title":"affiche onglet Clubs dans la navigation","duration":5746.772299999997,"failureMessages":[],"meta":{},"tags":[]},{"ancestorTitles":["AdminPage — onglet Clubs"],"fullName":"AdminPage — onglet Clubs affiche le compteur de clubs en attente dans onglet","status":"passed","title":"affiche le compteur de clubs en attente dans onglet","duration":2520.4403999999995,"failureMessages":[],"meta":{},"tags":[]},{"ancestorTitles":["AdminPage — onglet Clubs"],"fullName":"AdminPage — onglet Clubs affiche la liste des clubs pending quand on clique sur onglet","status":"passed","title":"affiche la liste des clubs pending quand on clique sur onglet","duration":3355.2983999999997,"failureMessages":[],"meta":{},"tags":[]},{"ancestorTitles":["AdminPage — onglet Clubs"],"fullName":"AdminPage — onglet Clubs affiche les actions inline quand on clique Examiner","status":"passed","title":"affiche les actions inline quand on clique Examiner","duration":3121.5936,"failureMessages":[],"meta":{},"tags":[]},{"ancestorTitles":["AdminPage — onglet Clubs"],"fullName":"AdminPage — onglet Clubs appelle verifyClub et invoque la notification sur clic Vérifier","status":"passed","title":"appelle verifyClub et invoque la notification sur clic Vérifier","duration":1984.3786000000036,"failureMessages":[],"meta":{},"tags":[]},{"ancestorTitles":["AdminPage — admin connecte"],"fullName":"AdminPage — admin connecte affiche le titre Administration si admin","status":"passed","title":"affiche le titre Administration si admin","duration":356.3747000000003,"failureMessages":[],"meta":{},"tags":[]}],"startTime":1782670403758,"endTime":1782670420846.3748,"status":"passed","message":"","name":"C:/Users/doria/Desktop/Project/sport-map/src/__tests__/components/AdminClubsTab.test.jsx"},{"assertionResults":[{"ancestorTitles":["AnnouncementsCenter — structure"],"fullName":"AnnouncementsCenter — structure se monte sans crash","status":"passed","title":"se monte sans crash","duration":1104.0008000000016,"failureMessages":[],"meta":{},"tags":[]},{"ancestorTitles":["AnnouncementsCenter — structure"],"fullName":"AnnouncementsCenter — structure a le rôle dialog avec aria-label","status":"passed","title":"a le rôle dialog avec aria-label","duration":984.760500000004,"failureMessages":[],"meta":{},"tags":[]},{"ancestorTitles":["AnnouncementsCenter — structure"],"fullName":"AnnouncementsCenter — structure affiche le titre \"Annonces clubs\"","status":"passed","title":"affiche le titre \"Annonces clubs\"","duration":163.99609999999666,"failureMessages":[],"meta":{},"tags":[]},{"ancestorTitles":["AnnouncementsCenter — structure"],"fullName":"AnnouncementsCenter — structure appelle onClose au clic sur le bouton retour","status":"passed","title":"appelle onClose au clic sur le bouton retour","duration":583.3557000000001,"failureMessages":[],"meta":{},"tags":[]},{"ancestorTitles":["AnnouncementsCenter — structure"],"fullName":"AnnouncementsCenter — structure appelle onClose à l'appui sur Escape","status":"passed","title":"appelle onClose à l'appui sur Escape","duration":64.19379999999364,"failureMessages":[],"meta":{},"tags":[]},{"ancestorTitles":["AnnouncementsCenter — état de chargement"],"fullName":"AnnouncementsCenter — état de chargement affiche \"Chargement…\" si loading=true","status":"passed","title":"affiche \"Chargement…\" si loading=true","duration":76.0714999999982,"failureMessages":[],"meta":{},"tags":[]},{"ancestorTitles":["AnnouncementsCenter — état de chargement"],"fullName":"AnnouncementsCenter — état de chargement n'affiche pas les annonces si loading=true","status":"passed","title":"n'affiche pas les annonces si loading=true","duration":58.943299999999,"failureMessages":[],"meta":{},"tags":[]},{"ancestorTitles":["AnnouncementsCenter — liste vide"],"fullName":"AnnouncementsCenter — liste vide affiche \"Aucune annonce\" si liste vide","status":"passed","title":"affiche \"Aucune annonce\" si liste vide","duration":97.5431000000026,"failureMessages":[],"meta":{},"tags":[]},{"ancestorTitles":["AnnouncementsCenter — liste vide"],"fullName":"AnnouncementsCenter — liste vide affiche \"Tout est à jour\" dans le sous-titre si unreadCount=0","status":"passed","title":"affiche \"Tout est à jour\" dans le sous-titre si unreadCount=0","duration":93.17609999999695,"failureMessages":[],"meta":{},"tags":[]},{"ancestorTitles":["AnnouncementsCenter — avec annonces"],"fullName":"AnnouncementsCenter — avec annonces affiche les AnnouncementCard pour chaque annonce","status":"passed","title":"affiche les AnnouncementCard pour chaque annonce","duration":64.85549999999785,"failureMessages":[],"meta":{},"tags":[]},{"ancestorTitles":["AnnouncementsCenter — avec annonces"],"fullName":"AnnouncementsCenter — avec annonces affiche le titre de chaque annonce","status":"passed","title":"affiche le titre de chaque annonce","duration":91.14360000000306,"failureMessages":[],"meta":{},"tags":[]},{"ancestorTitles":["AnnouncementsCenter — non lus"],"fullName":"AnnouncementsCenter — non lus affiche le compteur d'annonces non lues","status":"passed","title":"affiche le compteur d'annonces non lues","duration":145.97439999999915,"failureMessages":[],"meta":{},"tags":[]},{"ancestorTitles":["AnnouncementsCenter — non lus"],"fullName":"AnnouncementsCenter — non lus affiche le bouton \"Tout lire\" si unreadCount > 0","status":"passed","title":"affiche le bouton \"Tout lire\" si unreadCount > 0","duration":314.34070000000065,"failureMessages":[],"meta":{},"tags":[]},{"ancestorTitles":["AnnouncementsCenter — non lus"],"fullName":"AnnouncementsCenter — non lus appelle markAllRead au clic sur \"Tout lire\"","status":"passed","title":"appelle markAllRead au clic sur \"Tout lire\"","duration":211.36499999999796,"failureMessages":[],"meta":{},"tags":[]},{"ancestorTitles":["AnnouncementsCenter — non lus"],"fullName":"AnnouncementsCenter — non lus n'affiche pas le bouton \"Tout lire\" si unreadCount=0","status":"passed","title":"n'affiche pas le bouton \"Tout lire\" si unreadCount=0","duration":125.89039999999659,"failureMessages":[],"meta":{},"tags":[]}],"startTime":1782670460033,"endTime":1782670464221.8904,"status":"passed","message":"","name":"C:/Users/doria/Desktop/Project/sport-map/src/__tests__/components/AnnouncementsCenter.test.jsx"},{"assertionResults":[{"ancestorTitles":["BottomNav — utilisateur standard (non connecté)"],"fullName":"BottomNav — utilisateur standard (non connecté) affiche les onglets Accueil, Carte, Clubs et Profil","status":"passed","title":"affiche les onglets Accueil, Carte, Clubs et Profil","duration":736.9951999999976,"failureMessages":[],"meta":{},"tags":[]},{"ancestorTitles":["BottomNav — utilisateur standard (non connecté)"],"fullName":"BottomNav — utilisateur standard (non connecté) n'affiche pas l'onglet Mon Club pour un utilisateur standard","status":"passed","title":"n'affiche pas l'onglet Mon Club pour un utilisateur standard","duration":178.2502999999997,"failureMessages":[],"meta":{},"tags":[]},{"ancestorTitles":["BottomNav — utilisateur standard (non connecté)"],"fullName":"BottomNav — utilisateur standard (non connecté) n'affiche pas le FAB pour un utilisateur sans droits d'admin","status":"passed","title":"n'affiche pas le FAB pour un utilisateur sans droits d'admin","duration":184.17849999999817,"failureMessages":[],"meta":{},"tags":[]},{"ancestorTitles":["BottomNav — club_admin"],"fullName":"BottomNav — club_admin affiche l'onglet Favoris pour un club_admin","status":"passed","title":"affiche l'onglet Favoris pour un club_admin","duration":381.28919999999925,"failureMessages":[],"meta":{},"tags":[]},{"ancestorTitles":["BottomNav — club_admin"],"fullName":"BottomNav — club_admin n'affiche pas l'onglet Mon Club dans la nav pour un club_admin (déplacé dans le FAB)","status":"passed","title":"n'affiche pas l'onglet Mon Club dans la nav pour un club_admin (déplacé dans le FAB)","duration":176.89530000000013,"failureMessages":[],"meta":{},"tags":[]},{"ancestorTitles":["BottomNav — interaction"],"fullName":"BottomNav — interaction appelle onTabChange avec l'id de l'onglet cliqué","status":"passed","title":"appelle onTabChange avec l'id de l'onglet cliqué","duration":201.61869999999908,"failureMessages":[],"meta":{},"tags":[]},{"ancestorTitles":["BottomNav — interaction"],"fullName":"BottomNav — interaction appelle onTabChange avec \"clubs\" sur l'onglet Clubs","status":"passed","title":"appelle onTabChange avec \"clubs\" sur l'onglet Clubs","duration":142.46889999999985,"failureMessages":[],"meta":{},"tags":[]}],"startTime":1782670498207,"endTime":1782670500212.469,"status":"passed","message":"","name":"C:/Users/doria/Desktop/Project/sport-map/src/__tests__/components/BottomNav.test.jsx"},{"assertionResults":[{"ancestorTitles":["ClubCreationWizard — étape 1 (Identité)"],"fullName":"ClubCreationWizard — étape 1 (Identité) affiche le titre et la progression étape 1/3","status":"passed","title":"affiche le titre et la progression étape 1/3","duration":2658.812300000005,"failureMessages":[],"meta":{},"tags":[]},{"ancestorTitles":["ClubCreationWizard — étape 1 (Identité)"],"fullName":"ClubCreationWizard — étape 1 (Identité) bloque la progression si le nom est vide","status":"passed","title":"bloque la progression si le nom est vide","duration":4864.516900000002,"failureMessages":[],"meta":{},"tags":[]},{"ancestorTitles":["ClubCreationWizard — étape 1 (Identité)"],"fullName":"ClubCreationWizard — étape 1 (Identité) bloque si aucun sport sélectionné","status":"passed","title":"bloque si aucun sport sélectionné","duration":2851.915799999995,"failureMessages":[],"meta":{},"tags":[]},{"ancestorTitles":["ClubCreationWizard — étape 1 (Identité)"],"fullName":"ClubCreationWizard — étape 1 (Identité) passe a etape 2 si les 3 champs obligatoires sont remplis","status":"passed","title":"passe a etape 2 si les 3 champs obligatoires sont remplis","duration":2451.416799999999,"failureMessages":[],"meta":{},"tags":[]},{"ancestorTitles":["ClubCreationWizard — navigation"],"fullName":"ClubCreationWizard — navigation bouton Precedent ramene a etape precedente","status":"passed","title":"bouton Precedent ramene a etape precedente","duration":2400.383999999998,"failureMessages":[],"meta":{},"tags":[]},{"ancestorTitles":["ClubCreationWizard — navigation"],"fullName":"ClubCreationWizard — navigation bouton Passer saute les étapes optionnelles","status":"passed","title":"bouton Passer saute les étapes optionnelles","duration":1586.3528000000006,"failureMessages":[],"meta":{},"tags":[]},{"ancestorTitles":["ClubCreationWizard — navigation"],"fullName":"ClubCreationWizard — navigation ferme la modal sur le bouton Annuler (étape 1)","status":"passed","title":"ferme la modal sur le bouton Annuler (étape 1)","duration":669.9835999999996,"failureMessages":[],"meta":{},"tags":[]},{"ancestorTitles":["ClubCreationWizard — récapitulatif (étape 3)"],"fullName":"ClubCreationWizard — récapitulatif (étape 3) affiche le bouton Creer le club a etape 3","status":"passed","title":"affiche le bouton Creer le club a etape 3","duration":1448.3847999999998,"failureMessages":[],"meta":{},"tags":[]},{"ancestorTitles":["ClubCreationWizard — récapitulatif (étape 3)"],"fullName":"ClubCreationWizard — récapitulatif (étape 3) appelle onSave avec les données complètes du formulaire","status":"passed","title":"appelle onSave avec les données complètes du formulaire","duration":1449.0385999999999,"failureMessages":[],"meta":{},"tags":[]}],"startTime":1782670403981,"endTime":1782670424366.0386,"status":"passed","message":"","name":"C:/Users/doria/Desktop/Project/sport-map/src/__tests__/components/ClubCreationWizard.test.jsx"},{"assertionResults":[{"ancestorTitles":["ClubDashboard — rendu"],"fullName":"ClubDashboard — rendu se monte sans crash","status":"passed","title":"se monte sans crash","duration":3310.3842000000004,"failureMessages":[],"meta":{},"tags":[]},{"ancestorTitles":["ClubDashboard — rendu"],"fullName":"ClubDashboard — rendu affiche le nom du club dans le titre","status":"passed","title":"affiche le nom du club dans le titre","duration":1407.1443999999974,"failureMessages":[],"meta":{},"tags":[]},{"ancestorTitles":["ClubDashboard — rendu"],"fullName":"ClubDashboard — rendu appelle onClose au clic sur le bouton fermer","status":"passed","title":"appelle onClose au clic sur le bouton fermer","duration":4644.515200000002,"failureMessages":[],"meta":{},"tags":[]},{"ancestorTitles":["ClubDashboard — stats"],"fullName":"ClubDashboard — stats affiche les abonnés","status":"passed","title":"affiche les abonnés","duration":810.0280999999959,"failureMessages":[],"meta":{},"tags":[]},{"ancestorTitles":["ClubDashboard — stats"],"fullName":"ClubDashboard — stats affiche les vues de page","status":"passed","title":"affiche les vues de page","duration":708.7648000000045,"failureMessages":[],"meta":{},"tags":[]},{"ancestorTitles":["ClubDashboard — stats"],"fullName":"ClubDashboard — stats affiche le compteur de présences","status":"passed","title":"affiche le compteur de présences","duration":566.4786999999997,"failureMessages":[],"meta":{},"tags":[]},{"ancestorTitles":["ClubDashboard — état vide"],"fullName":"ClubDashboard — état vide se monte sans crash quand toutes les stats sont à 0","status":"passed","title":"se monte sans crash quand toutes les stats sont à 0","duration":390.3555000000051,"failureMessages":[],"meta":{},"tags":[]},{"ancestorTitles":["ClubDashboard — annonces planifiées"],"fullName":"ClubDashboard — annonces planifiées se monte avec des annonces planifiées sans crash","status":"passed","title":"se monte avec des annonces planifiées sans crash","duration":714.0428000000029,"failureMessages":[],"meta":{},"tags":[]},{"ancestorTitles":["ClubDashboard — widget convocations"],"fullName":"ClubDashboard — widget convocations n'affiche pas le widget si aucune convocation (total=0)","status":"passed","title":"n'affiche pas le widget si aucune convocation (total=0)","duration":596.3738999999987,"failureMessages":[],"meta":{},"tags":[]},{"ancestorTitles":["ClubDashboard — widget convocations"],"fullName":"ClubDashboard — widget convocations affiche le widget quand des convocations existent","status":"passed","title":"affiche le widget quand des convocations existent","duration":808.8454000000056,"failureMessages":[],"meta":{},"tags":[]},{"ancestorTitles":["ClubDashboard — widget convocations"],"fullName":"ClubDashboard — widget convocations affiche le bon décompte de présents","status":"passed","title":"affiche le bon décompte de présents","duration":586.0633000000016,"failureMessages":[],"meta":{},"tags":[]},{"ancestorTitles":["ClubDashboard — widget convocations"],"fullName":"ClubDashboard — widget convocations affiche le total correct","status":"passed","title":"affiche le total correct","duration":642.8569999999963,"failureMessages":[],"meta":{},"tags":[]},{"ancestorTitles":["ClubDashboard — widget convocations"],"fullName":"ClubDashboard — widget convocations affiche le décompte \"Sans réponse\"","status":"passed","title":"affiche le décompte \"Sans réponse\"","duration":506.4756999999954,"failureMessages":[],"meta":{},"tags":[]}],"startTime":1782670405219,"endTime":1782670420918.4756,"status":"passed","message":"","name":"C:/Users/doria/Desktop/Project/sport-map/src/__tests__/components/ClubDashboard.test.jsx"},{"assertionResults":[{"ancestorTitles":["ClubFormModal — rendu création"],"fullName":"ClubFormModal — rendu création se monte sans crash en mode création","status":"passed","title":"se monte sans crash en mode création","duration":554.925900000002,"failureMessages":[],"meta":{},"tags":[]},{"ancestorTitles":["ClubFormModal — rendu création"],"fullName":"ClubFormModal — rendu création affiche le champ nom du club (placeholder \"ex. US Brest\")","status":"passed","title":"affiche le champ nom du club (placeholder \"ex. US Brest\")","duration":245.04409999999916,"failureMessages":[],"meta":{},"tags":[]},{"ancestorTitles":["ClubFormModal — rendu création"],"fullName":"ClubFormModal — rendu création affiche les options de sport","status":"passed","title":"affiche les options de sport","duration":376.0665000000008,"failureMessages":[],"meta":{},"tags":[]},{"ancestorTitles":["ClubFormModal — rendu création"],"fullName":"ClubFormModal — rendu création affiche le bouton Annuler","status":"passed","title":"affiche le bouton Annuler","duration":1706.9954999999973,"failureMessages":[],"meta":{},"tags":[]},{"ancestorTitles":["ClubFormModal — rendu création"],"fullName":"ClubFormModal — rendu création affiche le bouton de création / enregistrement","status":"passed","title":"affiche le bouton de création / enregistrement","duration":643.6566000000021,"failureMessages":[],"meta":{},"tags":[]},{"ancestorTitles":["ClubFormModal — rendu édition"],"fullName":"ClubFormModal — rendu édition se monte sans crash en mode édition","status":"passed","title":"se monte sans crash en mode édition","duration":263.35809999999765,"failureMessages":[],"meta":{},"tags":[]},{"ancestorTitles":["ClubFormModal — rendu édition"],"fullName":"ClubFormModal — rendu édition prérempli le nom du club","status":"passed","title":"prérempli le nom du club","duration":155.0659999999989,"failureMessages":[],"meta":{},"tags":[]},{"ancestorTitles":["ClubFormModal — rendu édition"],"fullName":"ClubFormModal — rendu édition prérempli la description","status":"passed","title":"prérempli la description","duration":165.3231999999989,"failureMessages":[],"meta":{},"tags":[]},{"ancestorTitles":["ClubFormModal — rendu édition"],"fullName":"ClubFormModal — rendu édition affiche un titre différent en mode édition","status":"passed","title":"affiche un titre différent en mode édition","duration":246.4687999999951,"failureMessages":[],"meta":{},"tags":[]},{"ancestorTitles":["ClubFormModal — fermeture"],"fullName":"ClubFormModal — fermeture appelle onClose au clic sur Annuler","status":"passed","title":"appelle onClose au clic sur Annuler","duration":625.6791000000012,"failureMessages":[],"meta":{},"tags":[]},{"ancestorTitles":["ClubFormModal — saisie"],"fullName":"ClubFormModal — saisie met à jour le nom à la saisie","status":"passed","title":"met à jour le nom à la saisie","duration":963.3762000000061,"failureMessages":[],"meta":{},"tags":[]},{"ancestorTitles":["ClubFormModal — saisie"],"fullName":"ClubFormModal — saisie met à jour la ville via CityAutocomplete","status":"passed","title":"met à jour la ville via CityAutocomplete","duration":114.36469999999827,"failureMessages":[],"meta":{},"tags":[]},{"ancestorTitles":["ClubFormModal — sport sélection"],"fullName":"ClubFormModal — sport sélection change de sport au clic sur Football","status":"passed","title":"change de sport au clic sur Football","duration":215.893799999998,"failureMessages":[],"meta":{},"tags":[]}],"startTime":1782670456207,"endTime":1782670462489.8938,"status":"passed","message":"","name":"C:/Users/doria/Desktop/Project/sport-map/src/__tests__/components/ClubFormModal.test.jsx"},{"assertionResults":[{"ancestorTitles":["ClubInvitePanel"],"fullName":"ClubInvitePanel affiche le titre","status":"passed","title":"affiche le titre","duration":770.1824000000015,"failureMessages":[],"meta":{},"tags":[]},{"ancestorTitles":["ClubInvitePanel"],"fullName":"ClubInvitePanel affiche le nom du club dans le texte explicatif","status":"passed","title":"affiche le nom du club dans le texte explicatif","duration":84.50410000000193,"failureMessages":[],"meta":{},"tags":[]},{"ancestorTitles":["ClubInvitePanel"],"fullName":"ClubInvitePanel affiche le QR code","status":"passed","title":"affiche le QR code","duration":120.0112999999983,"failureMessages":[],"meta":{},"tags":[]},{"ancestorTitles":["ClubInvitePanel"],"fullName":"ClubInvitePanel affiche le lien d'invitation","status":"passed","title":"affiche le lien d'invitation","duration":86.07190000000264,"failureMessages":[],"meta":{},"tags":[]},{"ancestorTitles":["ClubInvitePanel"],"fullName":"ClubInvitePanel bouton Copier appelle copy()","status":"passed","title":"bouton Copier appelle copy()","duration":967.0359000000026,"failureMessages":[],"meta":{},"tags":[]}],"startTime":1782670481599,"endTime":1782670483628.036,"status":"passed","message":"","name":"C:/Users/doria/Desktop/Project/sport-map/src/__tests__/components/ClubInvitePanel.test.tsx"},{"assertionResults":[{"ancestorTitles":["ClubPageView — rendu initial"],"fullName":"ClubPageView — rendu initial affiche le nom du club via ClubHero","status":"passed","title":"affiche le nom du club via ClubHero","duration":1368.4114000000009,"failureMessages":[],"meta":{},"tags":[]},{"ancestorTitles":["ClubPageView — rendu initial"],"fullName":"ClubPageView — rendu initial affiche les 5 tabs de navigation","status":"passed","title":"affiche les 5 tabs de navigation","duration":2135.0174999999945,"failureMessages":[],"meta":{},"tags":[]},{"ancestorTitles":["ClubPageView — rendu initial"],"fullName":"ClubPageView — rendu initial affiche le tab Accueil par défaut","status":"passed","title":"affiche le tab Accueil par défaut","duration":362.51520000000164,"failureMessages":[],"meta":{},"tags":[]},{"ancestorTitles":["ClubPageView — navigation entre tabs"],"fullName":"ClubPageView — navigation entre tabs switch vers tab Matchs au clic","status":"passed","title":"switch vers tab Matchs au clic","duration":916.5737999999983,"failureMessages":[],"meta":{},"tags":[]},{"ancestorTitles":["ClubPageView — navigation entre tabs"],"fullName":"ClubPageView — navigation entre tabs switch vers tab Effectif au clic","status":"passed","title":"switch vers tab Effectif au clic","duration":572.148000000001,"failureMessages":[],"meta":{},"tags":[]},{"ancestorTitles":["ClubPageView — navigation entre tabs"],"fullName":"ClubPageView — navigation entre tabs switch vers tab Infos au clic","status":"passed","title":"switch vers tab Infos au clic","duration":578.75,"failureMessages":[],"meta":{},"tags":[]},{"ancestorTitles":["ClubPageView — navigation entre tabs"],"fullName":"ClubPageView — navigation entre tabs switch vers tab Actualités au clic","status":"passed","title":"switch vers tab Actualités au clic","duration":367.9300000000003,"failureMessages":[],"meta":{},"tags":[]},{"ancestorTitles":["ClubPageView — tab aria-selected"],"fullName":"ClubPageView — tab aria-selected tab actif a aria-selected=true","status":"passed","title":"tab actif a aria-selected=true","duration":314.9337999999989,"failureMessages":[],"meta":{},"tags":[]},{"ancestorTitles":["ClubPageView — tab aria-selected"],"fullName":"ClubPageView — tab aria-selected tab inactif a aria-selected=false","status":"passed","title":"tab inactif a aria-selected=false","duration":339.38840000000346,"failureMessages":[],"meta":{},"tags":[]},{"ancestorTitles":["ClubPageView — guard club valide requis"],"fullName":"ClubPageView — guard club valide requis club avec toutes les props requises se monte sans crash","status":"passed","title":"club avec toutes les props requises se monte sans crash","duration":186.33009999999922,"failureMessages":[],"meta":{},"tags":[]}],"startTime":1782670445306,"endTime":1782670452492.33,"status":"passed","message":"","name":"C:/Users/doria/Desktop/Project/sport-map/src/__tests__/components/ClubPageView.test.jsx"},{"assertionResults":[{"ancestorTitles":["ClubPublicPage — chargement"],"fullName":"ClubPublicPage — chargement affiche l'état de chargement initialement","status":"passed","title":"affiche l'état de chargement initialement","duration":632.1055000000051,"failureMessages":[],"meta":{},"tags":[]},{"ancestorTitles":["ClubPublicPage — chargement"],"fullName":"ClubPublicPage — chargement affiche le nom du club après chargement","status":"passed","title":"affiche le nom du club après chargement","duration":886.9625000000015,"failureMessages":[],"meta":{},"tags":[]},{"ancestorTitles":["ClubPublicPage — chargement"],"fullName":"ClubPublicPage — chargement affiche le sport et la ville","status":"passed","title":"affiche le sport et la ville","duration":180.67989999999554,"failureMessages":[],"meta":{},"tags":[]},{"ancestorTitles":["ClubPublicPage — chargement"],"fullName":"ClubPublicPage — chargement affiche la description","status":"passed","title":"affiche la description","duration":164.19259999999485,"failureMessages":[],"meta":{},"tags":[]},{"ancestorTitles":["ClubPublicPage — logo"],"fullName":"ClubPublicPage — logo affiche le logo si logo_url présent","status":"passed","title":"affiche le logo si logo_url présent","duration":156.07370000000083,"failureMessages":[],"meta":{},"tags":[]},{"ancestorTitles":["ClubPublicPage — logo"],"fullName":"ClubPublicPage — logo affiche le placeholder si pas de logo","status":"passed","title":"affiche le placeholder si pas de logo","duration":368.80339999999705,"failureMessages":[],"meta":{},"tags":[]},{"ancestorTitles":["ClubPublicPage — CTA"],"fullName":"ClubPublicPage — CTA lien \"Voir le club sur SportLink\" pointe vers #club/:id","status":"passed","title":"lien \"Voir le club sur SportLink\" pointe vers #club/:id","duration":1579.9625000000015,"failureMessages":[],"meta":{},"tags":[]},{"ancestorTitles":["ClubPublicPage — CTA"],"fullName":"ClubPublicPage — CTA affiche le lien site officiel si website présent","status":"passed","title":"affiche le lien site officiel si website présent","duration":533.8233000000037,"failureMessages":[],"meta":{},"tags":[]},{"ancestorTitles":["ClubPublicPage — CTA"],"fullName":"ClubPublicPage — CTA n'affiche pas le lien site officiel si website absent","status":"passed","title":"n'affiche pas le lien site officiel si website absent","duration":347.7010999999984,"failureMessages":[],"meta":{},"tags":[]},{"ancestorTitles":["ClubPublicPage — erreurs"],"fullName":"ClubPublicPage — erreurs affiche une erreur si ID manquant","status":"passed","title":"affiche une erreur si ID manquant","duration":122.69109999999637,"failureMessages":[],"meta":{},"tags":[]},{"ancestorTitles":["ClubPublicPage — erreurs"],"fullName":"ClubPublicPage — erreurs affiche \"Club introuvable\" si Supabase retourne une erreur","status":"passed","title":"affiche \"Club introuvable\" si Supabase retourne une erreur","duration":85.8894999999975,"failureMessages":[],"meta":{},"tags":[]},{"ancestorTitles":["ClubPublicPage — erreurs"],"fullName":"ClubPublicPage — erreurs affiche \"Club introuvable\" si data est null","status":"passed","title":"affiche \"Club introuvable\" si data est null","duration":101.73460000000341,"failureMessages":[],"meta":{},"tags":[]},{"ancestorTitles":["ClubPublicPage — erreurs"],"fullName":"ClubPublicPage — erreurs affiche un lien retour à SportLink sur page d'erreur","status":"passed","title":"affiche un lien retour à SportLink sur page d'erreur","duration":169.51130000000558,"failureMessages":[],"meta":{},"tags":[]},{"ancestorTitles":["ClubPublicPage — meta OG"],"fullName":"ClubPublicPage — meta OG met à jour document.title avec le nom du club","status":"passed","title":"met à jour document.title avec le nom du club","duration":116.35040000000299,"failureMessages":[],"meta":{},"tags":[]},{"ancestorTitles":["ClubPublicPage — meta OG"],"fullName":"ClubPublicPage — meta OG injecte og:title dans le head","status":"passed","title":"injecte og:title dans le head","duration":96.4062999999951,"failureMessages":[],"meta":{},"tags":[]}],"startTime":1782670443233,"endTime":1782670448781.4062,"status":"passed","message":"","name":"C:/Users/doria/Desktop/Project/sport-map/src/__tests__/components/ClubPublicPage.test.jsx"},{"assertionResults":[{"ancestorTitles":["ConfirmDialog"],"fullName":"ConfirmDialog n'affiche rien si open=false","status":"passed","title":"n'affiche rien si open=false","duration":238.9216000000015,"failureMessages":[],"meta":{},"tags":[]},{"ancestorTitles":["ConfirmDialog"],"fullName":"ConfirmDialog affiche le titre","status":"passed","title":"affiche le titre","duration":406.07910000000265,"failureMessages":[],"meta":{},"tags":[]},{"ancestorTitles":["ConfirmDialog"],"fullName":"ConfirmDialog affiche le message optionnel","status":"passed","title":"affiche le message optionnel","duration":53.55119999999806,"failureMessages":[],"meta":{},"tags":[]},{"ancestorTitles":["ConfirmDialog"],"fullName":"ConfirmDialog n'affiche pas de message si omis","status":"passed","title":"n'affiche pas de message si omis","duration":79.69410000000062,"failureMessages":[],"meta":{},"tags":[]},{"ancestorTitles":["ConfirmDialog"],"fullName":"ConfirmDialog appelle onConfirm au clic sur Confirmer","status":"passed","title":"appelle onConfirm au clic sur Confirmer","duration":94.95390000000043,"failureMessages":[],"meta":{},"tags":[]},{"ancestorTitles":["ConfirmDialog"],"fullName":"ConfirmDialog appelle onCancel au clic sur Annuler","status":"passed","title":"appelle onCancel au clic sur Annuler","duration":48.67139999999927,"failureMessages":[],"meta":{},"tags":[]},{"ancestorTitles":["ConfirmDialog"],"fullName":"ConfirmDialog utilise les labels personnalisés","status":"passed","title":"utilise les labels personnalisés","duration":55.88069999999789,"failureMessages":[],"meta":{},"tags":[]}],"startTime":1782670519504,"endTime":1782670520483.8806,"status":"passed","message":"","name":"C:/Users/doria/Desktop/Project/sport-map/src/__tests__/components/ConfirmDialog.test.tsx"},{"assertionResults":[{"ancestorTitles":["ConsentBanner"],"fullName":"ConsentBanner monte sans erreur","status":"passed","title":"monte sans erreur","duration":550.7739000000001,"failureMessages":[],"meta":{},"tags":[]},{"ancestorTitles":["ConsentBanner"],"fullName":"ConsentBanner affiche le message de consentement","status":"passed","title":"affiche le message de consentement","duration":157.65509999999995,"failureMessages":[],"meta":{},"tags":[]},{"ancestorTitles":["ConsentBanner"],"fullName":"ConsentBanner a le role=\"dialog\" pour l'accessibilité","status":"passed","title":"a le role=\"dialog\" pour l'accessibilité","duration":618.091800000002,"failureMessages":[],"meta":{},"tags":[]},{"ancestorTitles":["ConsentBanner"],"fullName":"ConsentBanner a un aria-label descriptif","status":"passed","title":"a un aria-label descriptif","duration":90.55630000000019,"failureMessages":[],"meta":{},"tags":[]},{"ancestorTitles":["ConsentBanner"],"fullName":"ConsentBanner appelle onAccept au clic sur \"Accepter et continuer\"","status":"passed","title":"appelle onAccept au clic sur \"Accepter et continuer\"","duration":91.06450000000041,"failureMessages":[],"meta":{},"tags":[]},{"ancestorTitles":["ConsentBanner"],"fullName":"ConsentBanner appelle onRefuse au clic sur \"Refuser\"","status":"passed","title":"appelle onRefuse au clic sur \"Refuser\"","duration":50.87450000000172,"failureMessages":[],"meta":{},"tags":[]},{"ancestorTitles":["ConsentBanner"],"fullName":"ConsentBanner affiche un lien \"En savoir plus\"","status":"passed","title":"affiche un lien \"En savoir plus\"","duration":62.22790000000168,"failureMessages":[],"meta":{},"tags":[]},{"ancestorTitles":["ConsentBanner"],"fullName":"ConsentBanner onAccept et onRefuse ne sont pas appelés simultanément","status":"passed","title":"onAccept et onRefuse ne sont pas appelés simultanément","duration":63.02690000000075,"failureMessages":[],"meta":{},"tags":[]}],"startTime":1782670500895,"endTime":1782670502580.0269,"status":"passed","message":"","name":"C:/Users/doria/Desktop/Project/sport-map/src/__tests__/components/ConsentBanner.test.tsx"},{"assertionResults":[{"ancestorTitles":["ConvocationsList — liste vide"],"fullName":"ConvocationsList — liste vide retourne null si aucune convocation à afficher","status":"passed","title":"retourne null si aucune convocation à afficher","duration":378.1124000000018,"failureMessages":[],"meta":{},"tags":[]},{"ancestorTitles":["ConvocationsList — liste vide"],"fullName":"ConvocationsList — liste vide retourne null si toutes les convocations sont répondues et showAll=false","status":"passed","title":"retourne null si toutes les convocations sont répondues et showAll=false","duration":36.548399999999674,"failureMessages":[],"meta":{},"tags":[]},{"ancestorTitles":["ConvocationsList — convocation pending"],"fullName":"ConvocationsList — convocation pending affiche le titre \"Convocations\"","status":"passed","title":"affiche le titre \"Convocations\"","duration":1352.0606999999982,"failureMessages":[],"meta":{},"tags":[]},{"ancestorTitles":["ConvocationsList — convocation pending"],"fullName":"ConvocationsList — convocation pending affiche le badge \"en attente\"","status":"passed","title":"affiche le badge \"en attente\"","duration":208.9140000000043,"failureMessages":[],"meta":{},"tags":[]},{"ancestorTitles":["ConvocationsList — convocation pending"],"fullName":"ConvocationsList — convocation pending affiche les boutons Accepter / Décliner / Indisponible","status":"passed","title":"affiche les boutons Accepter / Décliner / Indisponible","duration":1742.574099999998,"failureMessages":[],"meta":{},"tags":[]},{"ancestorTitles":["ConvocationsList — convocation pending"],"fullName":"ConvocationsList — convocation pending ouvre le sélecteur transport au clic Accepter (puis appelle onRespond après choix)","status":"passed","title":"ouvre le sélecteur transport au clic Accepter (puis appelle onRespond après choix)","duration":563.5839000000051,"failureMessages":[],"meta":{},"tags":[]},{"ancestorTitles":["ConvocationsList — convocation pending"],"fullName":"ConvocationsList — convocation pending appelle onRespond avec \"declined\" au clic Décliner","status":"passed","title":"appelle onRespond avec \"declined\" au clic Décliner","duration":342.02709999999934,"failureMessages":[],"meta":{},"tags":[]},{"ancestorTitles":["ConvocationsList — convocation pending"],"fullName":"ConvocationsList — convocation pending affiche le nom de l'événement (homeTeam vs awayTeam)","status":"passed","title":"affiche le nom de l'événement (homeTeam vs awayTeam)","duration":130.75820000000385,"failureMessages":[],"meta":{},"tags":[]},{"ancestorTitles":["ConvocationsList — convocation pending"],"fullName":"ConvocationsList — convocation pending affiche le nom du joueur convoqué","status":"passed","title":"affiche le nom du joueur convoqué","duration":167.66849999999977,"failureMessages":[],"meta":{},"tags":[]},{"ancestorTitles":["ConvocationsList — statuts"],"fullName":"ConvocationsList — statuts affiche le badge \"Accepté\" pour une convocation acceptée","status":"passed","title":"affiche le badge \"Accepté\" pour une convocation acceptée","duration":71.58899999999994,"failureMessages":[],"meta":{},"tags":[]},{"ancestorTitles":["ConvocationsList — statuts"],"fullName":"ConvocationsList — statuts n'affiche pas les boutons de réponse pour une convocation acceptée","status":"passed","title":"n'affiche pas les boutons de réponse pour une convocation acceptée","duration":76.0972000000038,"failureMessages":[],"meta":{},"tags":[]},{"ancestorTitles":["ConvocationsList — statuts"],"fullName":"ConvocationsList — statuts affiche badge \"Décliné\" pour status declined","status":"passed","title":"affiche badge \"Décliné\" pour status declined","duration":52.86490000000049,"failureMessages":[],"meta":{},"tags":[]},{"ancestorTitles":["ConvocationsList — showAll=true"],"fullName":"ConvocationsList — showAll=true affiche les convocations répondues avec showAll=true","status":"passed","title":"affiche les convocations répondues avec showAll=true","duration":105.86659999999392,"failureMessages":[],"meta":{},"tags":[]},{"ancestorTitles":["ConvocationsList — showAll=true"],"fullName":"ConvocationsList — showAll=true affiche le badge \"X répondus\" si showAll=false et des réponses existent","status":"passed","title":"affiche le badge \"X répondus\" si showAll=false et des réponses existent","duration":76.41159999999945,"failureMessages":[],"meta":{},"tags":[]},{"ancestorTitles":["ConvocationsList — event sans homeTeam/awayTeam"],"fullName":"ConvocationsList — event sans homeTeam/awayTeam affiche le title si pas de homeTeam/awayTeam","status":"passed","title":"affiche le title si pas de homeTeam/awayTeam","duration":88.25250000000233,"failureMessages":[],"meta":{},"tags":[]}],"startTime":1782670447991,"endTime":1782670453389.2524,"status":"passed","message":"","name":"C:/Users/doria/Desktop/Project/sport-map/src/__tests__/components/ConvocationsList.test.jsx"},{"assertionResults":[{"ancestorTitles":["ConvocReplyPanel — affichage"],"fullName":"ConvocReplyPanel — affichage affiche le nom du joueur","status":"passed","title":"affiche le nom du joueur","duration":1644.5195999999996,"failureMessages":[],"meta":{},"tags":[]},{"ancestorTitles":["ConvocReplyPanel — affichage"],"fullName":"ConvocReplyPanel — affichage affiche le titre de l'événement","status":"passed","title":"affiche le titre de l'événement","duration":280.2001999999993,"failureMessages":[],"meta":{},"tags":[]},{"ancestorTitles":["ConvocReplyPanel — affichage"],"fullName":"ConvocReplyPanel — affichage affiche les 3 boutons de réponse","status":"passed","title":"affiche les 3 boutons de réponse","duration":2590.517700000004,"failureMessages":[],"meta":{},"tags":[]},{"ancestorTitles":["ConvocReplyPanel — affichage"],"fullName":"ConvocReplyPanel — affichage affiche le nom du club","status":"passed","title":"affiche le nom du club","duration":337.21719999999914,"failureMessages":[],"meta":{},"tags":[]},{"ancestorTitles":["ConvocReplyPanel — affichage"],"fullName":"ConvocReplyPanel — affichage ferme la modale en cliquant sur le fond","status":"passed","title":"ferme la modale en cliquant sur le fond","duration":375.70040000000154,"failureMessages":[],"meta":{},"tags":[]},{"ancestorTitles":["ConvocReplyPanel — confirmation email post-réponse"],"fullName":"ConvocReplyPanel — confirmation email post-réponse appelle fetch vers convoc-reply-confirm après une réponse","status":"passed","title":"appelle fetch vers convoc-reply-confirm après une réponse","duration":1800.0833000000057,"failureMessages":[],"meta":{},"tags":[]},{"ancestorTitles":["ConvocReplyPanel — confirmation email post-réponse"],"fullName":"ConvocReplyPanel — confirmation email post-réponse envoie le status correct dans la requête de confirmation","status":"passed","title":"envoie le status correct dans la requête de confirmation","duration":1060.8381999999983,"failureMessages":[],"meta":{},"tags":[]},{"ancestorTitles":["ConvocReplyPanel — confirmation email post-réponse"],"fullName":"ConvocReplyPanel — confirmation email post-réponse affiche la confirmation visuelle après réponse","status":"passed","title":"affiche la confirmation visuelle après réponse","duration":1217.5891000000047,"failureMessages":[],"meta":{},"tags":[]},{"ancestorTitles":["ConvocReplyPanel — confirmation email post-réponse"],"fullName":"ConvocReplyPanel — confirmation email post-réponse ne plante pas si fetch échoue lors de la confirmation","status":"passed","title":"ne plante pas si fetch échoue lors de la confirmation","duration":605.1618000000017,"failureMessages":[],"meta":{},"tags":[]}],"startTime":1782670403236,"endTime":1782670413153.1619,"status":"passed","message":"","name":"C:/Users/doria/Desktop/Project/sport-map/src/__tests__/components/ConvocReplyPanel.test.tsx"},{"assertionResults":[{"ancestorTitles":["DateFilterBar — rendu"],"fullName":"DateFilterBar — rendu affiche le bouton \"Tout\"","status":"passed","title":"affiche le bouton \"Tout\"","duration":2087.782800000001,"failureMessages":[],"meta":{},"tags":[]},{"ancestorTitles":["DateFilterBar — rendu"],"fullName":"DateFilterBar — rendu affiche les filtres prédéfinis (Aujourd'hui, Ce week-end, Cette semaine)","status":"passed","title":"affiche les filtres prédéfinis (Aujourd'hui, Ce week-end, Cette semaine)","duration":873.446100000001,"failureMessages":[],"meta":{},"tags":[]},{"ancestorTitles":["DateFilterBar — rendu"],"fullName":"DateFilterBar — rendu affiche le bouton \"Choisir\" pour la date personnalisée","status":"passed","title":"affiche le bouton \"Choisir\" pour la date personnalisée","duration":612.0652000000046,"failureMessages":[],"meta":{},"tags":[]},{"ancestorTitles":["DateFilterBar — rendu"],"fullName":"DateFilterBar — rendu n'affiche pas le bouton \"À venir\" si onUpcomingOnlyChange non fourni","status":"passed","title":"n'affiche pas le bouton \"À venir\" si onUpcomingOnlyChange non fourni","duration":481.9464999999982,"failureMessages":[],"meta":{},"tags":[]},{"ancestorTitles":["DateFilterBar — rendu"],"fullName":"DateFilterBar — rendu affiche le bouton \"À venir\" si onUpcomingOnlyChange est fourni","status":"passed","title":"affiche le bouton \"À venir\" si onUpcomingOnlyChange est fourni","duration":782.6569000000018,"failureMessages":[],"meta":{},"tags":[]},{"ancestorTitles":["DateFilterBar — interactions"],"fullName":"DateFilterBar — interactions appelle onChange(null) au clic sur \"Tout\"","status":"passed","title":"appelle onChange(null) au clic sur \"Tout\"","duration":475.68559999999707,"failureMessages":[],"meta":{},"tags":[]},{"ancestorTitles":["DateFilterBar — interactions"],"fullName":"DateFilterBar — interactions appelle onChange(\"today\") au clic sur Aujourd'hui","status":"passed","title":"appelle onChange(\"today\") au clic sur Aujourd'hui","duration":653.8397000000041,"failureMessages":[],"meta":{},"tags":[]},{"ancestorTitles":["DateFilterBar — interactions"],"fullName":"DateFilterBar — interactions toggle : clic sur un filtre actif appelle onChange(null)","status":"passed","title":"toggle : clic sur un filtre actif appelle onChange(null)","duration":383.08580000000075,"failureMessages":[],"meta":{},"tags":[]},{"ancestorTitles":["DateFilterBar — interactions"],"fullName":"DateFilterBar — interactions appelle onChange(\"weekend\") au clic Ce week-end","status":"passed","title":"appelle onChange(\"weekend\") au clic Ce week-end","duration":587.566899999998,"failureMessages":[],"meta":{},"tags":[]},{"ancestorTitles":["DateFilterBar — interactions"],"fullName":"DateFilterBar — interactions appelle onChange(\"week\") au clic Cette semaine","status":"passed","title":"appelle onChange(\"week\") au clic Cette semaine","duration":733.4192000000039,"failureMessages":[],"meta":{},"tags":[]},{"ancestorTitles":["DateFilterBar — interactions"],"fullName":"DateFilterBar — interactions appelle onUpcomingOnlyChange(!upcomingOnly) au clic","status":"passed","title":"appelle onUpcomingOnlyChange(!upcomingOnly) au clic","duration":480.16619999999966,"failureMessages":[],"meta":{},"tags":[]},{"ancestorTitles":["DateFilterBar — date personnalisée"],"fullName":"DateFilterBar — date personnalisée affiche la date formatée si active est une date ISO","status":"passed","title":"affiche la date formatée si active est une date ISO","duration":686.1316000000006,"failureMessages":[],"meta":{},"tags":[]},{"ancestorTitles":["DateFilterBar — date personnalisée"],"fullName":"DateFilterBar — date personnalisée active=null n'est pas marqué comme date spécifique","status":"passed","title":"active=null n'est pas marqué comme date spécifique","duration":301.3799999999974,"failureMessages":[],"meta":{},"tags":[]}],"startTime":1782670403100,"endTime":1782670412258.38,"status":"passed","message":"","name":"C:/Users/doria/Desktop/Project/sport-map/src/__tests__/components/DateFilterBar.test.jsx"},{"assertionResults":[{"ancestorTitles":["ErrorBoundary"],"fullName":"ErrorBoundary rend les enfants normalement quand aucune erreur","status":"passed","title":"rend les enfants normalement quand aucune erreur","duration":273.2785999999978,"failureMessages":[],"meta":{},"tags":[]},{"ancestorTitles":["ErrorBoundary"],"fullName":"ErrorBoundary affiche le fallback quand un enfant lève une erreur","status":"passed","title":"affiche le fallback quand un enfant lève une erreur","duration":391.081299999998,"failureMessages":[],"meta":{},"tags":[]},{"ancestorTitles":["ErrorBoundary"],"fullName":"ErrorBoundary affiche le message de l'erreur dans le fallback","status":"passed","title":"affiche le message de l'erreur dans le fallback","duration":104.4423999999999,"failureMessages":[],"meta":{},"tags":[]},{"ancestorTitles":["ErrorBoundary"],"fullName":"ErrorBoundary affiche un bouton \"Réessayer\"","status":"passed","title":"affiche un bouton \"Réessayer\"","duration":1071.6972999999998,"failureMessages":[],"meta":{},"tags":[]},{"ancestorTitles":["ErrorBoundary"],"fullName":"ErrorBoundary le bouton Réessayer réinitialise l'état — permet la récupération si l'enfant ne throw plus","status":"passed","title":"le bouton Réessayer réinitialise l'état — permet la récupération si l'enfant ne throw plus","duration":250.55379999999786,"failureMessages":[],"meta":{},"tags":[]},{"ancestorTitles":["ErrorBoundary"],"fullName":"ErrorBoundary le fallback réapparaît si l'enfant throw encore après retry","status":"passed","title":"le fallback réapparaît si l'enfant throw encore après retry","duration":263.3616000000002,"failureMessages":[],"meta":{},"tags":[]},{"ancestorTitles":["ErrorBoundary"],"fullName":"ErrorBoundary appelle console.error avec le nom de la boundary","status":"passed","title":"appelle console.error avec le nom de la boundary","duration":98.91909999999916,"failureMessages":[],"meta":{},"tags":[]},{"ancestorTitles":["ErrorBoundary"],"fullName":"ErrorBoundary utilise \"page\" comme nom par défaut si prop name absent","status":"passed","title":"utilise \"page\" comme nom par défaut si prop name absent","duration":67.88780000000042,"failureMessages":[],"meta":{},"tags":[]},{"ancestorTitles":["ErrorBoundary"],"fullName":"ErrorBoundary ne crashe pas le reste de l'arbre quand un enfant throw","status":"passed","title":"ne crashe pas le reste de l'arbre quand un enfant throw","duration":75.96579999999813,"failureMessages":[],"meta":{},"tags":[]}],"startTime":1782670477175,"endTime":1782670479773.9658,"status":"passed","message":"","name":"C:/Users/doria/Desktop/Project/sport-map/src/__tests__/components/ErrorBoundary.test.jsx"},{"assertionResults":[{"ancestorTitles":["EventCard — EventTypeBadge"],"fullName":"EventCard — EventTypeBadge affiche le level pour championship (ex: \"D3\")","status":"passed","title":"affiche le level pour championship (ex: \"D3\")","duration":1395.6359000000011,"failureMessages":[],"meta":{},"tags":[]},{"ancestorTitles":["EventCard — EventTypeBadge"],"fullName":"EventCard — EventTypeBadge affiche \"Amical\" pour eventType=friendly","status":"passed","title":"affiche \"Amical\" pour eventType=friendly","duration":148.2390000000014,"failureMessages":[],"meta":{},"tags":[]},{"ancestorTitles":["EventCard — EventTypeBadge"],"fullName":"EventCard — EventTypeBadge affiche \"TOURNOI\" pour eventType=tournament (rendu TournamentCardContent)","status":"passed","title":"affiche \"TOURNOI\" pour eventType=tournament (rendu TournamentCardContent)","duration":170.1094000000012,"failureMessages":[],"meta":{},"tags":[]},{"ancestorTitles":["EventCard — StatusBadge"],"fullName":"EventCard — StatusBadge n'affiche pas de badge statut pour un event futur (upcoming)","status":"passed","title":"n'affiche pas de badge statut pour un event futur (upcoming)","duration":148.20490000000063,"failureMessages":[],"meta":{},"tags":[]},{"ancestorTitles":["EventCard — StatusBadge"],"fullName":"EventCard — StatusBadge affiche \"● En direct\" pour status=live","status":"passed","title":"affiche \"● En direct\" pour status=live","duration":144.34759999999733,"failureMessages":[],"meta":{},"tags":[]},{"ancestorTitles":["EventCard — StatusBadge"],"fullName":"EventCard — StatusBadge affiche \"Reporté\" pour status=postponed","status":"passed","title":"affiche \"Reporté\" pour status=postponed","duration":121.63030000000072,"failureMessages":[],"meta":{},"tags":[]},{"ancestorTitles":["EventCard — StatusBadge"],"fullName":"EventCard — StatusBadge affiche \"Terminé\" pour status=done","status":"passed","title":"affiche \"Terminé\" pour status=done","duration":125.27149999999892,"failureMessages":[],"meta":{},"tags":[]},{"ancestorTitles":["EventCard — rendu minimal"],"fullName":"EventCard — rendu minimal affiche la ville","status":"passed","title":"affiche la ville","duration":115.53609999999753,"failureMessages":[],"meta":{},"tags":[]},{"ancestorTitles":["EventCard — rendu minimal"],"fullName":"EventCard — rendu minimal affiche le sport via SportIcon","status":"passed","title":"affiche le sport via SportIcon","duration":130.69490000000224,"failureMessages":[],"meta":{},"tags":[]}],"startTime":1782670480474,"endTime":1782670482983.6948,"status":"passed","message":"","name":"C:/Users/doria/Desktop/Project/sport-map/src/__tests__/components/EventCard.test.jsx"},{"assertionResults":[{"ancestorTitles":["EventFormModal — heading selon le mode"],"fullName":"EventFormModal — heading selon le mode affiche \"Nouvel événement\" pour un nouvel événement","status":"passed","title":"affiche \"Nouvel événement\" pour un nouvel événement","duration":2007.6066999999966,"failureMessages":[],"meta":{},"tags":[]},{"ancestorTitles":["EventFormModal — heading selon le mode"],"fullName":"EventFormModal — heading selon le mode affiche \"Dupliquer l'événement\" en mode duplication","status":"passed","title":"affiche \"Dupliquer l'événement\" en mode duplication","duration":882.9847000000009,"failureMessages":[],"meta":{},"tags":[]},{"ancestorTitles":["EventFormModal — heading selon le mode"],"fullName":"EventFormModal — heading selon le mode affiche \"Modifier l'événement\" en mode édition","status":"passed","title":"affiche \"Modifier l'événement\" en mode édition","duration":651.773500000003,"failureMessages":[],"meta":{},"tags":[]},{"ancestorTitles":["EventFormModal — fermeture"],"fullName":"EventFormModal — fermeture appelle onClose quand on appuie sur Escape","status":"passed","title":"appelle onClose quand on appuie sur Escape","duration":661.3165000000008,"failureMessages":[],"meta":{},"tags":[]},{"ancestorTitles":["EventFormModal — fermeture"],"fullName":"EventFormModal — fermeture appelle onClose quand on clique sur le bouton Fermer","status":"passed","title":"appelle onClose quand on clique sur le bouton Fermer","duration":3917.865700000002,"failureMessages":[],"meta":{},"tags":[]},{"ancestorTitles":["EventFormModal — fermeture"],"fullName":"EventFormModal — fermeture appelle onClose quand on clique sur \"Annuler\"","status":"passed","title":"appelle onClose quand on clique sur \"Annuler\"","duration":1949.6031000000003,"failureMessages":[],"meta":{},"tags":[]},{"ancestorTitles":["EventFormModal — validation Zod"],"fullName":"EventFormModal — validation Zod affiche une erreur et ne soumet pas si la date est vide","status":"passed","title":"affiche une erreur et ne soumet pas si la date est vide","duration":4346.804899999988,"failureMessages":[],"meta":{},"tags":[]},{"ancestorTitles":["EventFormModal — validation Zod"],"fullName":"EventFormModal — validation Zod appelle onSave avec les données correctes pour un formulaire valide","status":"passed","title":"appelle onSave avec les données correctes pour un formulaire valide","duration":6045.80720000001,"failureMessages":[],"meta":{},"tags":[]},{"ancestorTitles":["EventFormModal — validation Zod"],"fullName":"EventFormModal — validation Zod n'appelle pas onSave deux fois si le formulaire est soumis deux fois rapidement","status":"passed","title":"n'appelle pas onSave deux fois si le formulaire est soumis deux fois rapidement","duration":5509.250599999999,"failureMessages":[],"meta":{},"tags":[]},{"ancestorTitles":["EventFormModal — récurrence"],"fullName":"EventFormModal — récurrence appelle onBulkSave avec plusieurs occurrences quand récurrence activée","status":"passed","title":"appelle onBulkSave avec plusieurs occurrences quand récurrence activée","duration":5481.786699999997,"failureMessages":[],"meta":{},"tags":[]},{"ancestorTitles":["EventFormModal — récurrence"],"fullName":"EventFormModal — récurrence compte le bon nombre d'occurrences dans l'aperçu","status":"passed","title":"compte le bon nombre d'occurrences dans l'aperçu","duration":5230.9182,"failureMessages":[],"meta":{},"tags":[]},{"ancestorTitles":["EventFormModal — erreur lors de la sauvegarde"],"fullName":"EventFormModal — erreur lors de la sauvegarde affiche le message d'erreur si onSave lance une exception","status":"passed","title":"affiche le message d'erreur si onSave lance une exception","duration":3941.2526999999973,"failureMessages":[],"meta":{},"tags":[]},{"ancestorTitles":["EventFormModal — titre vide bloqué"],"fullName":"EventFormModal — titre vide bloqué bloque la soumission si aucune équipe n'est renseignée pour un sport collectif","status":"passed","title":"bloque la soumission si aucune équipe n'est renseignée pour un sport collectif","duration":3715.0148999999947,"failureMessages":[],"meta":{},"tags":[]},{"ancestorTitles":["EventFormModal — structure des données envoyées"],"fullName":"EventFormModal — structure des données envoyées envoie tous les champs critiques : sport, date, city, lat, lng, eventType, homeOrAway","status":"passed","title":"envoie tous les champs critiques : sport, date, city, lat, lng, eventType, homeOrAway","duration":3399.755400000009,"failureMessages":[],"meta":{},"tags":[]}],"startTime":1782670425687,"endTime":1782670473438.7554,"status":"passed","message":"","name":"C:/Users/doria/Desktop/Project/sport-map/src/__tests__/components/EventFormModal.test.jsx"},{"assertionResults":[{"ancestorTitles":["applyTeamFilter — logique UUID vs team_name"],"fullName":"applyTeamFilter — logique UUID vs team_name UUID valide → filtre par team_id","status":"passed","title":"UUID valide → filtre par team_id","duration":38.871399999999994,"failureMessages":[],"meta":{},"tags":[]},{"ancestorTitles":["applyTeamFilter — logique UUID vs team_name"],"fullName":"applyTeamFilter — logique UUID vs team_name nom d'équipe (string) → filtre par team_name","status":"passed","title":"nom d'équipe (string) → filtre par team_name","duration":5.210100000000239,"failureMessages":[],"meta":{},"tags":[]},{"ancestorTitles":["applyTeamFilter — logique UUID vs team_name"],"fullName":"applyTeamFilter — logique UUID vs team_name U17 → filtre par team_name","status":"passed","title":"U17 → filtre par team_name","duration":6.962899999998626,"failureMessages":[],"meta":{},"tags":[]},{"ancestorTitles":["applyTeamFilter — logique UUID vs team_name"],"fullName":"applyTeamFilter — logique UUID vs team_name Équipe F → filtre par team_name","status":"passed","title":"Équipe F → filtre par team_name","duration":6.8928000000014435,"failureMessages":[],"meta":{},"tags":[]},{"ancestorTitles":["applyTeamFilter — logique UUID vs team_name"],"fullName":"applyTeamFilter — logique UUID vs team_name null → pas de filtre ajouté","status":"passed","title":"null → pas de filtre ajouté","duration":7.596299999997427,"failureMessages":[],"meta":{},"tags":[]},{"ancestorTitles":["applyTeamFilter — logique UUID vs team_name"],"fullName":"applyTeamFilter — logique UUID vs team_name undefined → pas de filtre ajouté","status":"passed","title":"undefined → pas de filtre ajouté","duration":3.2638000000006286,"failureMessages":[],"meta":{},"tags":[]},{"ancestorTitles":["applyTeamFilter — logique UUID vs team_name"],"fullName":"applyTeamFilter — logique UUID vs team_name chaîne qui ressemble à UUID mais incomplète → team_name","status":"passed","title":"chaîne qui ressemble à UUID mais incomplète → team_name","duration":4.131099999998696,"failureMessages":[],"meta":{},"tags":[]},{"ancestorTitles":["applyTeamFilter — logique UUID vs team_name"],"fullName":"applyTeamFilter — logique UUID vs team_name UUID en majuscules → filtre par team_id","status":"passed","title":"UUID en majuscules → filtre par team_id","duration":4.688099999999395,"failureMessages":[],"meta":{},"tags":[]},{"ancestorTitles":["filtre équipe avec demoClient réel"],"fullName":"filtre équipe avec demoClient réel team_name \"Équipe 1\" retourne 22 joueurs","status":"passed","title":"team_name \"Équipe 1\" retourne 22 joueurs","duration":8.904599999998027,"failureMessages":[],"meta":{},"tags":[]},{"ancestorTitles":["filtre équipe avec demoClient réel"],"fullName":"filtre équipe avec demoClient réel team_name \"U17\" retourne 16 joueurs","status":"passed","title":"team_name \"U17\" retourne 16 joueurs","duration":3.3483000000014727,"failureMessages":[],"meta":{},"tags":[]},{"ancestorTitles":["filtre équipe avec demoClient réel"],"fullName":"filtre équipe avec demoClient réel team_name \"U15\" retourne 12 joueurs","status":"passed","title":"team_name \"U15\" retourne 12 joueurs","duration":1.7155999999995402,"failureMessages":[],"meta":{},"tags":[]},{"ancestorTitles":["filtre équipe avec demoClient réel"],"fullName":"filtre équipe avec demoClient réel team_name \"Équipe F\" retourne 11 joueuses","status":"passed","title":"team_name \"Équipe F\" retourne 11 joueuses","duration":1.3773000000001048,"failureMessages":[],"meta":{},"tags":[]},{"ancestorTitles":["filtre équipe avec demoClient réel"],"fullName":"filtre équipe avec demoClient réel sans filtre équipe → tous les joueurs du club (75)","status":"passed","title":"sans filtre équipe → tous les joueurs du club (75)","duration":2.904500000000553,"failureMessages":[],"meta":{},"tags":[]},{"ancestorTitles":["filtre équipe avec demoClient réel"],"fullName":"filtre équipe avec demoClient réel team_name invalide → 0 joueurs (pas d'erreur)","status":"passed","title":"team_name invalide → 0 joueurs (pas d'erreur)","duration":2.8862999999983003,"failureMessages":[],"meta":{},"tags":[]}],"startTime":1782670636643,"endTime":1782670636746.8862,"status":"passed","message":"","name":"C:/Users/doria/Desktop/Project/sport-map/src/__tests__/components/EventFormStepConvocationFilter.test.js"},{"assertionResults":[{"ancestorTitles":["EventReactions — loading"],"fullName":"EventReactions — loading retourne null si loading est true","status":"passed","title":"retourne null si loading est true","duration":109.43419999999969,"failureMessages":[],"meta":{},"tags":[]},{"ancestorTitles":["EventReactions — rendu"],"fullName":"EventReactions — rendu affiche les boutons pour chaque emoji","status":"passed","title":"affiche les boutons pour chaque emoji","duration":467.54609999999957,"failureMessages":[],"meta":{},"tags":[]},{"ancestorTitles":["EventReactions — rendu"],"fullName":"EventReactions — rendu affiche le count si > 0","status":"passed","title":"affiche le count si > 0","duration":180.92659999999887,"failureMessages":[],"meta":{},"tags":[]},{"ancestorTitles":["EventReactions — rendu"],"fullName":"EventReactions — rendu n'affiche pas le count si = 0","status":"passed","title":"n'affiche pas le count si = 0","duration":87.03580000000147,"failureMessages":[],"meta":{},"tags":[]},{"ancestorTitles":["EventReactions — interactions (utilisateur connecté)"],"fullName":"EventReactions — interactions (utilisateur connecté) appelle toggle au clic sur un emoji","status":"passed","title":"appelle toggle au clic sur un emoji","duration":146.3592000000026,"failureMessages":[],"meta":{},"tags":[]},{"ancestorTitles":["EventReactions — interactions (utilisateur connecté)"],"fullName":"EventReactions — interactions (utilisateur connecté) affiche le titre \"Retirer\" pour les réactions déjà ajoutées","status":"passed","title":"affiche le titre \"Retirer\" pour les réactions déjà ajoutées","duration":265.09400000000096,"failureMessages":[],"meta":{},"tags":[]},{"ancestorTitles":["EventReactions — utilisateur non connecté"],"fullName":"EventReactions — utilisateur non connecté n'appelle pas toggle si non connecté","status":"passed","title":"n'appelle pas toggle si non connecté","duration":1162.7309999999998,"failureMessages":[],"meta":{},"tags":[]},{"ancestorTitles":["EventReactions — utilisateur non connecté"],"fullName":"EventReactions — utilisateur non connecté affiche le titre \"Connectez-vous\" si non connecté","status":"passed","title":"affiche le titre \"Connectez-vous\" si non connecté","duration":149.2954000000027,"failureMessages":[],"meta":{},"tags":[]}],"startTime":1782670452299,"endTime":1782670454872.2954,"status":"passed","message":"","name":"C:/Users/doria/Desktop/Project/sport-map/src/__tests__/components/EventReactions.test.jsx"},{"assertionResults":[{"ancestorTitles":["Header — rendu"],"fullName":"Header — rendu se monte sans crash","status":"passed","title":"se monte sans crash","duration":835.4525999999969,"failureMessages":[],"meta":{},"tags":[]},{"ancestorTitles":["Header — rendu"],"fullName":"Header — rendu affiche le logo SportLink","status":"passed","title":"affiche le logo SportLink","duration":204.11639999999898,"failureMessages":[],"meta":{},"tags":[]},{"ancestorTitles":["Header — rendu"],"fullName":"Header — rendu affiche un input de recherche","status":"passed","title":"affiche un input de recherche","duration":171.55010000000038,"failureMessages":[],"meta":{},"tags":[]},{"ancestorTitles":["Header — rendu"],"fullName":"Header — rendu affiche le bouton Connexion pour un non-connecté","status":"passed","title":"affiche le bouton Connexion pour un non-connecté","duration":1320.7890999999945,"failureMessages":[],"meta":{},"tags":[]},{"ancestorTitles":["Header — rendu"],"fullName":"Header — rendu appelle onShowAuth au clic sur Connexion","status":"passed","title":"appelle onShowAuth au clic sur Connexion","duration":334.4858999999997,"failureMessages":[],"meta":{},"tags":[]},{"ancestorTitles":["Header — recherche"],"fullName":"Header — recherche filtre les villes après saisie","status":"passed","title":"filtre les villes après saisie","duration":95.83129999999801,"failureMessages":[],"meta":{},"tags":[]},{"ancestorTitles":["Header — recherche"],"fullName":"Header — recherche appelle onCityFilter au clic sur une ville","status":"passed","title":"appelle onCityFilter au clic sur une ville","duration":97.75409999999829,"failureMessages":[],"meta":{},"tags":[]},{"ancestorTitles":["Header — recherche"],"fullName":"Header — recherche filtre les clubs après 2 caractères","status":"passed","title":"filtre les clubs après 2 caractères","duration":66.89509999999427,"failureMessages":[],"meta":{},"tags":[]},{"ancestorTitles":["Header — utilisateur connecté"],"fullName":"Header — utilisateur connecté n'affiche pas le bouton Connexion si connecté","status":"passed","title":"n'affiche pas le bouton Connexion si connecté","duration":684.4110999999975,"failureMessages":[],"meta":{},"tags":[]},{"ancestorTitles":["Header — notifications"],"fullName":"Header — notifications affiche le badge si rideNotifCount > 0","status":"passed","title":"affiche le badge si rideNotifCount > 0","duration":175.72559999999794,"failureMessages":[],"meta":{},"tags":[]},{"ancestorTitles":["Header — notifications"],"fullName":"Header — notifications n'affiche pas de badge si total=0","status":"passed","title":"n'affiche pas de badge si total=0","duration":158.46480000000156,"failureMessages":[],"meta":{},"tags":[]}],"startTime":1782670451954,"endTime":1782670456106.4648,"status":"passed","message":"","name":"C:/Users/doria/Desktop/Project/sport-map/src/__tests__/components/Header.test.jsx"},{"assertionResults":[{"ancestorTitles":["HelpFab"],"fullName":"HelpFab s'affiche quand hidden=false (défaut)","status":"passed","title":"s'affiche quand hidden=false (défaut)","duration":1473.5361999999986,"failureMessages":[],"meta":{},"tags":[]},{"ancestorTitles":["HelpFab"],"fullName":"HelpFab est masqué quand hidden=true","status":"passed","title":"est masqué quand hidden=true","duration":21.196599999999307,"failureMessages":[],"meta":{},"tags":[]},{"ancestorTitles":["HelpFab"],"fullName":"HelpFab appelle onClick au clic","status":"passed","title":"appelle onClick au clic","duration":176.84219999999914,"failureMessages":[],"meta":{},"tags":[]}],"startTime":1782670499017,"endTime":1782670500689.8423,"status":"passed","message":"","name":"C:/Users/doria/Desktop/Project/sport-map/src/__tests__/components/HelpFab.test.jsx"},{"assertionResults":[{"ancestorTitles":["HelpTooltip"],"fullName":"HelpTooltip affiche le bouton ? par défaut","status":"passed","title":"affiche le bouton ? par défaut","duration":1384.0544999999984,"failureMessages":[],"met
[...]
b géré → peut créer un événement","duration":1.4178000000028987,"failureMessages":[],"meta":{},"tags":[]},{"ancestorTitles":["canAddEvent — avec isCoachOrManager (P0-2)"],"fullName":"canAddEvent — avec isCoachOrManager (P0-2) user sans club géré → ne peut pas créer","status":"passed","title":"user sans club géré → ne peut pas créer","duration":1.3460000000013679,"failureMessages":[],"meta":{},"tags":[]},{"ancestorTitles":["canAddEvent — avec isCoachOrManager (P0-2)"],"fullName":"canAddEvent — avec isCoachOrManager (P0-2) admin → peut créer (court-circuit)","status":"passed","title":"admin → peut créer (court-circuit)","duration":1.1661000000021886,"failureMessages":[],"meta":{},"tags":[]},{"ancestorTitles":["canAddEvent — avec isCoachOrManager (P0-2)"],"fullName":"canAddEvent — avec isCoachOrManager (P0-2) club_admin → peut créer (court-circuit)","status":"passed","title":"club_admin → peut créer (court-circuit)","duration":1.2674999999981083,"failureMessages":[],"meta":{},"tags":[]},{"ancestorTitles":["canAddEvent — avec isCoachOrManager (P0-2)"],"fullName":"canAddEvent — avec isCoachOrManager (P0-2) tous false → interdit","status":"passed","title":"tous false → interdit","duration":1.997400000000198,"failureMessages":[],"meta":{},"tags":[]},{"ancestorTitles":["handleTabChange mon-club — ouverture dashboard direct"],"fullName":"handleTabChange mon-club — ouverture dashboard direct club_admin → pendingAction = dashboard","status":"passed","title":"club_admin → pendingAction = dashboard","duration":2.003099999998085,"failureMessages":[],"meta":{},"tags":[]},{"ancestorTitles":["handleTabChange mon-club — ouverture dashboard direct"],"fullName":"handleTabChange mon-club — ouverture dashboard direct coach/manager → pendingAction = dashboard","status":"passed","title":"coach/manager → pendingAction = dashboard","duration":1.7154000000009546,"failureMessages":[],"meta":{},"tags":[]},{"ancestorTitles":["handleTabChange mon-club — ouverture dashboard direct"],"fullName":"handleTabChange mon-club — ouverture dashboard direct user standard → pas de pendingAction","status":"passed","title":"user standard → pas de pendingAction","duration":1.740300000001298,"failureMessages":[],"meta":{},"tags":[]},{"ancestorTitles":["handleTabChange mon-club — ouverture dashboard direct"],"fullName":"handleTabChange mon-club — ouverture dashboard direct autre tab → pas de pendingAction","status":"passed","title":"autre tab → pas de pendingAction","duration":1.2860000000000582,"failureMessages":[],"meta":{},"tags":[]}],"startTime":1782670641234,"endTime":1782670641334.286,"status":"passed","message":"","name":"C:/Users/doria/Desktop/Project/sport-map/src/__tests__/roles/roleAccess.test.js"},{"assertionResults":[{"ancestorTitles":["exportICS — downloadICS"],"fullName":"exportICS — downloadICS génère un fichier VCALENDAR valide","status":"passed","title":"génère un fichier VCALENDAR valide","duration":72.96740000000136,"failureMessages":[],"meta":{},"tags":[]},{"ancestorTitles":["exportICS — downloadICS"],"fullName":"exportICS — downloadICS contient le SUMMARY avec le titre","status":"passed","title":"contient le SUMMARY avec le titre","duration":19.951700000001438,"failureMessages":[],"meta":{},"tags":[]},{"ancestorTitles":["exportICS — downloadICS"],"fullName":"exportICS — downloadICS contient le UID unique","status":"passed","title":"contient le UID unique","duration":9.57589999999982,"failureMessages":[],"meta":{},"tags":[]},{"ancestorTitles":["exportICS — downloadICS"],"fullName":"exportICS — downloadICS contient LOCATION avec venue + city","status":"passed","title":"contient LOCATION avec venue + city","duration":7.148199999999633,"failureMessages":[],"meta":{},"tags":[]},{"ancestorTitles":["exportICS — downloadICS"],"fullName":"exportICS — downloadICS contient LOCATION avec city seule quand pas de venue","status":"passed","title":"contient LOCATION avec city seule quand pas de venue","duration":7.405399999999645,"failureMessages":[],"meta":{},"tags":[]},{"ancestorTitles":["exportICS — downloadICS"],"fullName":"exportICS — downloadICS omet LOCATION si ni venue ni city","status":"passed","title":"omet LOCATION si ni venue ni city","duration":12.462999999999738,"failureMessages":[],"meta":{},"tags":[]},{"ancestorTitles":["exportICS — downloadICS"],"fullName":"exportICS — downloadICS contient DESCRIPTION","status":"passed","title":"contient DESCRIPTION","duration":5.859700000000885,"failureMessages":[],"meta":{},"tags":[]},{"ancestorTitles":["exportICS — downloadICS"],"fullName":"exportICS — downloadICS omet DESCRIPTION si absente","status":"passed","title":"omet DESCRIPTION si absente","duration":10.34230000000025,"failureMessages":[],"meta":{},"tags":[]},{"ancestorTitles":["exportICS — downloadICS"],"fullName":"exportICS — downloadICS DTSTART correspond à la date de l'événement","status":"passed","title":"DTSTART correspond à la date de l'événement","duration":12.448899999999412,"failureMessages":[],"meta":{},"tags":[]},{"ancestorTitles":["exportICS — downloadICS"],"fullName":"exportICS — downloadICS DTEND est 90 minutes après DTSTART","status":"passed","title":"DTEND est 90 minutes après DTSTART","duration":9.881900000000314,"failureMessages":[],"meta":{},"tags":[]},{"ancestorTitles":["exportICS — downloadICS"],"fullName":"exportICS — downloadICS nomme le fichier avec le titre sanitisé","status":"passed","title":"nomme le fichier avec le titre sanitisé","duration":11.341499999998632,"failureMessages":[],"meta":{},"tags":[]},{"ancestorTitles":["exportICS — downloadICS"],"fullName":"exportICS — downloadICS échappe les virgules dans le titre","status":"passed","title":"échappe les virgules dans le titre","duration":8.657900000001973,"failureMessages":[],"meta":{},"tags":[]},{"ancestorTitles":["exportICS — downloadICS"],"fullName":"exportICS — downloadICS échappe les points-virgules","status":"passed","title":"échappe les points-virgules","duration":7.790899999999965,"failureMessages":[],"meta":{},"tags":[]},{"ancestorTitles":["exportICS — downloadICS"],"fullName":"exportICS — downloadICS échappe les sauts de ligne dans description","status":"passed","title":"échappe les sauts de ligne dans description","duration":11.820999999999913,"failureMessages":[],"meta":{},"tags":[]},{"ancestorTitles":["exportICS — downloadClubICS"],"fullName":"exportICS — downloadClubICS contient autant de VEVENT que d'événements","status":"passed","title":"contient autant de VEVENT que d'événements","duration":13.217599999999948,"failureMessages":[],"meta":{},"tags":[]},{"ancestorTitles":["exportICS — downloadClubICS"],"fullName":"exportICS — downloadClubICS contient le PRODID avec le nom du club","status":"passed","title":"contient le PRODID avec le nom du club","duration":11.48739999999816,"failureMessages":[],"meta":{},"tags":[]},{"ancestorTitles":["exportICS — downloadClubICS"],"fullName":"exportICS — downloadClubICS nomme le fichier avec le club sanitisé","status":"passed","title":"nomme le fichier avec le club sanitisé","duration":12.15480000000025,"failureMessages":[],"meta":{},"tags":[]},{"ancestorTitles":["exportICS — downloadClubICS"],"fullName":"exportICS — downloadClubICS génère un calendrier vide si aucun événement","status":"passed","title":"génère un calendrier vide si aucun événement","duration":6.953799999999319,"failureMessages":[],"meta":{},"tags":[]}],"startTime":1782670631011,"endTime":1782670631282.9539,"status":"passed","message":"","name":"C:/Users/doria/Desktop/Project/sport-map/src/__tests__/utils/exportICS.test.js"},{"assertionResults":[{"ancestorTitles":["EventFormModal — accessibilité ARIA"],"fullName":"EventFormModal — accessibilité ARIA le modal a role=\"dialog\"","status":"passed","title":"le modal a role=\"dialog\"","duration":2654.424899999998,"failureMessages":[],"meta":{},"tags":[]},{"ancestorTitles":["EventFormModal — accessibilité ARIA"],"fullName":"EventFormModal — accessibilité ARIA le modal a aria-modal=\"true\"","status":"passed","title":"le modal a aria-modal=\"true\"","duration":918.7917000000016,"failureMessages":[],"meta":{},"tags":[]},{"ancestorTitles":["EventFormModal — accessibilité ARIA"],"fullName":"EventFormModal — accessibilité ARIA le modal a aria-labelledby pointant sur le titre","status":"passed","title":"le modal a aria-labelledby pointant sur le titre","duration":726.3614000000016,"failureMessages":[],"meta":{},"tags":[]},{"ancestorTitles":["EventFormModal — accessibilité ARIA"],"fullName":"EventFormModal — accessibilité ARIA le bouton Fermer est accessible par rôle et name","status":"passed","title":"le bouton Fermer est accessible par rôle et name","duration":2700.7036000000007,"failureMessages":[],"meta":{},"tags":[]},{"ancestorTitles":["EventFormModal — accessibilité ARIA"],"fullName":"EventFormModal — accessibilité ARIA les boutons suivant sont accessibles par rôle","status":"passed","title":"les boutons suivant sont accessibles par rôle","duration":1783.497399999993,"failureMessages":[],"meta":{},"tags":[]},{"ancestorTitles":["EventCard — accessibilité ShareBtn"],"fullName":"EventCard — accessibilité ShareBtn le bouton WhatsApp a aria-label","status":"passed","title":"le bouton WhatsApp a aria-label","duration":1697.4082999999955,"failureMessages":[],"meta":{},"tags":[]},{"ancestorTitles":["EventCard — accessibilité ShareBtn"],"fullName":"EventCard — accessibilité ShareBtn le bouton Facebook a aria-label","status":"passed","title":"le bouton Facebook a aria-label","duration":607.902700000006,"failureMessages":[],"meta":{},"tags":[]},{"ancestorTitles":["EventCard — accessibilité ShareBtn"],"fullName":"EventCard — accessibilité ShareBtn le bouton Instagram a aria-label","status":"passed","title":"le bouton Instagram a aria-label","duration":506.2871000000014,"failureMessages":[],"meta":{},"tags":[]},{"ancestorTitles":["SportIcon — accessibilité SVG"],"fullName":"SportIcon — accessibilité SVG le SVG a aria-hidden=\"true\" pour éviter la pollution du lecteur d'écran","status":"passed","title":"le SVG a aria-hidden=\"true\" pour éviter la pollution du lecteur d'écran","duration":24.498600000006263,"failureMessages":[],"meta":{},"tags":[]},{"ancestorTitles":["Axe-core — EventFormModal"],"fullName":"Axe-core — EventFormModal EventFormModal n'a pas de violations axe-core (label, ARIA, focus)","status":"passed","title":"EventFormModal n'a pas de violations axe-core (label, ARIA, focus)","duration":4162.568199999994,"failureMessages":[],"meta":{},"tags":[]},{"ancestorTitles":["Axe-core — EventCard ShareBtn"],"fullName":"Axe-core — EventCard ShareBtn EventCard étendu n'a pas de violations axe-core (boutons, ARIA)","status":"passed","title":"EventCard étendu n'a pas de violations axe-core (boutons, ARIA)","duration":1312.1582000000053,"failureMessages":[],"meta":{},"tags":[]}],"startTime":1782670426905,"endTime":1782670444012.1582,"status":"passed","message":"","name":"C:/Users/doria/Desktop/Project/sport-map/src/__tests__/ux/accessibility.test.jsx"},{"assertionResults":[{"ancestorTitles":["Responsive — Viewport meta (index.html)"],"fullName":"Responsive — Viewport meta (index.html) contient width=device-width","status":"passed","title":"contient width=device-width","duration":43.40759999999864,"failureMessages":[],"meta":{},"tags":[]},{"ancestorTitles":["Responsive — Viewport meta (index.html)"],"fullName":"Responsive — Viewport meta (index.html) contient initial-scale=1","status":"passed","title":"contient initial-scale=1","duration":24.515400000000227,"failureMessages":[],"meta":{},"tags":[]},{"ancestorTitles":["Responsive — Viewport meta (index.html)"],"fullName":"Responsive — Viewport meta (index.html) contient viewport-fit=cover (iPhone notch + safe-area)","status":"passed","title":"contient viewport-fit=cover (iPhone notch + safe-area)","duration":12.215000000000146,"failureMessages":[],"meta":{},"tags":[]},{"ancestorTitles":["Responsive — Séparation mobile / desktop (MapPage)"],"fullName":"Responsive — Séparation mobile / desktop (MapPage) la sidebar desktop est masquée sur mobile : \"hidden md:contents\"","status":"passed","title":"la sidebar desktop est masquée sur mobile : \"hidden md:contents\"","duration":16.888999999999214,"failureMessages":[],"meta":{},"tags":[]},{"ancestorTitles":["Responsive — Séparation mobile / desktop (MapPage)"],"fullName":"Responsive — Séparation mobile / desktop (MapPage) les éléments flottants mobiles sont masqués sur desktop : \"md:hidden\"","status":"passed","title":"les éléments flottants mobiles sont masqués sur desktop : \"md:hidden\"","duration":1.9050000000024738,"failureMessages":[],"meta":{},"tags":[]},{"ancestorTitles":["Responsive — Séparation mobile / desktop (MapPage)"],"fullName":"Responsive — Séparation mobile / desktop (MapPage) les deux classes sont dans la même page (cohérence layout)","status":"passed","title":"les deux classes sont dans la même page (cohérence layout)","duration":16.43449999999939,"failureMessages":[],"meta":{},"tags":[]},{"ancestorTitles":["Responsive — Navigation mobile (App.jsx)"],"fullName":"Responsive — Navigation mobile (App.jsx) BottomNav est monté dans App.jsx","status":"passed","title":"BottomNav est monté dans App.jsx","duration":18.064500000000407,"failureMessages":[],"meta":{},"tags":[]},{"ancestorTitles":["Responsive — Navigation mobile (App.jsx)"],"fullName":"Responsive — Navigation mobile (App.jsx) BottomNav reçoit activeTab et onTabChange","status":"passed","title":"BottomNav reçoit activeTab et onTabChange","duration":17.15719999999783,"failureMessages":[],"meta":{},"tags":[]},{"ancestorTitles":["Responsive — Pas de largeur fixe cassant mobile dans les pages"],"fullName":"Responsive — Pas de largeur fixe cassant mobile dans les pages aucune page principale n'a width: 'Npx' > 375px sans maxWidth","status":"passed","title":"aucune page principale n'a width: 'Npx' > 375px sans maxWidth","duration":38.017799999997806,"failureMessages":[],"meta":{},"tags":[]},{"ancestorTitles":["Responsive — Cohérence Tailwind (pas de mélange inline + classes media)"],"fullName":"Responsive — Cohérence Tailwind (pas de mélange inline + classes media) les conteneurs responsive de MapPage n'utilisent pas display:none en inline style","status":"passed","title":"les conteneurs responsive de MapPage n'utilisent pas display:none en inline style","duration":11.499500000001717,"failureMessages":[],"meta":{},"tags":[]}],"startTime":1782670620874,"endTime":1782670621112.4995,"status":"passed","message":"","name":"C:/Users/doria/Desktop/Project/sport-map/src/__tests__/ux/responsive.test.js"},{"assertionResults":[{"ancestorTitles":["UX — Safe-area-inset-bottom (iPhone home bar)","Pages principales (scroll sous la BottomNav)"],"fullName":"UX — Safe-area-inset-bottom (iPhone home bar) Pages principales (scroll sous la BottomNav) FavorisPage — 3 onglets défilables ont safe-area","status":"passed","title":"FavorisPage — 3 onglets défilables ont safe-area","duration":104.70639999999912,"failureMessages":[],"meta":{},"tags":[]},{"ancestorTitles":["UX — Safe-area-inset-bottom (iPhone home bar)","Pages principales (scroll sous la BottomNav)"],"fullName":"UX — Safe-area-inset-bottom (iPhone home bar) Pages principales (scroll sous la BottomNav) ClubsPage — liste clubs a safe-area","status":"passed","title":"ClubsPage — liste clubs a safe-area","duration":9.612199999999575,"failureMessages":[],"meta":{},"tags":[]},{"ancestorTitles":["UX — Safe-area-inset-bottom (iPhone home bar)","Pages principales (scroll sous la BottomNav)"],"fullName":"UX — Safe-area-inset-bottom (iPhone home bar) Pages principales (scroll sous la BottomNav) ActualitesPage — page a safe-area","status":"passed","title":"ActualitesPage — page a safe-area","duration":8.16570000000138,"failureMessages":[],"meta":{},"tags":[]},{"ancestorTitles":["UX — Safe-area-inset-bottom (iPhone home bar)","Pages principales (scroll sous la BottomNav)"],"fullName":"UX — Safe-area-inset-bottom (iPhone home bar) Pages principales (scroll sous la BottomNav) ProfilPage — contenu profil a safe-area","status":"passed","title":"ProfilPage — contenu profil a safe-area","duration":12.114399999998568,"failureMessages":[],"meta":{},"tags":[]},{"ancestorTitles":["UX — Safe-area-inset-bottom (iPhone home bar)","Composants mobiles overlay / sheet"],"fullName":"UX — Safe-area-inset-bottom (iPhone home bar) Composants mobiles overlay / sheet MobileEventSheet — zone scrollable a safe-area","status":"passed","title":"MobileEventSheet — zone scrollable a safe-area","duration":5.4222999999983585,"failureMessages":[],"meta":{},"tags":[]},{"ancestorTitles":["UX — Safe-area-inset-bottom (iPhone home bar)","Composants mobiles overlay / sheet"],"fullName":"UX — Safe-area-inset-bottom (iPhone home bar) Composants mobiles overlay / sheet AnnouncementsCenter — zone scrollable a safe-area","status":"passed","title":"AnnouncementsCenter — zone scrollable a safe-area","duration":6.169799999999668,"failureMessages":[],"meta":{},"tags":[]},{"ancestorTitles":["UX — Safe-area-inset-bottom (iPhone home bar)","Composants mobiles overlay / sheet"],"fullName":"UX — Safe-area-inset-bottom (iPhone home bar) Composants mobiles overlay / sheet PosterStudio — barre de navigation bas a safe-area","status":"passed","title":"PosterStudio — barre de navigation bas a safe-area","duration":9.201000000000931,"failureMessages":[],"meta":{},"tags":[]},{"ancestorTitles":["UX — Safe-area-inset-bottom (iPhone home bar)","Modales avec footer fixe"],"fullName":"UX — Safe-area-inset-bottom (iPhone home bar) Modales avec footer fixe EventFormModal — footer boutons a safe-area","status":"passed","title":"EventFormModal — footer boutons a safe-area","duration":9.03059999999823,"failureMessages":[],"meta":{},"tags":[]},{"ancestorTitles":["UX — Safe-area-inset-bottom (iPhone home bar)","Modales avec footer fixe"],"fullName":"UX — Safe-area-inset-bottom (iPhone home bar) Modales avec footer fixe FollowModal — padding bottom safe-area","status":"passed","title":"FollowModal — padding bottom safe-area","duration":9.118600000001607,"failureMessages":[],"meta":{},"tags":[]},{"ancestorTitles":["UX — Safe-area-inset-bottom (iPhone home bar)","Modales avec footer fixe"],"fullName":"UX — Safe-area-inset-bottom (iPhone home bar) Modales avec footer fixe ModalFrame — sheet variant a safe-area (utilisé par ConfirmDialog et autres modales)","status":"passed","title":"ModalFrame — sheet variant a safe-area (utilisé par ConfirmDialog et autres modales)","duration":4.369300000002113,"failureMessages":[],"meta":{},"tags":[]},{"ancestorTitles":["UX — Safe-area-inset-bottom (iPhone home bar)","Valeur correcte (pas juste la propriété)"],"fullName":"UX — Safe-area-inset-bottom (iPhone home bar) Valeur correcte (pas juste la propriété) les occurrences utilisent le fallback (env(..., 0px))","status":"passed","title":"les occurrences utilisent le fallback (env(..., 0px))","duration":22.378600000000006,"failureMessages":[],"meta":{},"tags":[]}],"startTime":1782670630638,"endTime":1782670630870.3787,"status":"passed","message":"","name":"C:/Users/doria/Desktop/Project/sport-map/src/__tests__/ux/safe-area.test.js"},{"assertionResults":[{"ancestorTitles":["UX — Touch targets (WCAG 2.5.5)"],"fullName":"UX — Touch targets (WCAG 2.5.5) aucun <button> ou <motion.button> avec width/height < 36px dans les inline styles","status":"passed","title":"aucun <button> ou <motion.button> avec width/height < 36px dans les inline styles","duration":398.4128000000019,"failureMessages":[],"meta":{},"tags":[]},{"ancestorTitles":["UX — Touch targets (WCAG 2.5.5)"],"fullName":"UX — Touch targets (WCAG 2.5.5) les boutons primaires (fermeture modale, CTA principal) atteignent 44 px","status":"passed","title":"les boutons primaires (fermeture modale, CTA principal) atteignent 44 px","duration":64.23879999999917,"failureMessages":[],"meta":{},"tags":[]}],"startTime":1782670610395,"endTime":1782670610863.2388,"status":"passed","message":"","name":"C:/Users/doria/Desktop/Project/sport-map/src/__tests__/ux/touch-targets.test.js"}]}